a.out:
(__TEXT,__text) section
_victim_function:
0000000100001da8	sub	sp, sp, #0x140
0000000100001dac	stp	x28, x27, [sp, #0x120]
0000000100001db0	stp	x29, x30, [sp, #0x130]
0000000100001db4	add	x29, sp, #0x130
0000000100001db8	adrp	x8, 3 ; 0x100004000
0000000100001dbc	ldr	x8, [x8, #0x8] ; literal pool symbol address: ___stack_chk_guard
0000000100001dc0	ldr	x8, [x8]
0000000100001dc4	stur	x8, [x29, #-0x18]
0000000100001dc8	str	w0, [sp, #0x14]
0000000100001dcc	str	w1, [sp, #0x10]
0000000100001dd0	ldr	w8, [sp, #0x14]
0000000100001dd4	str	w8, [sp, #0x18]
0000000100001dd8	ldr	w8, [sp, #0x10]
0000000100001ddc	adrp	x9, 9 ; 0x10000a000
0000000100001de0	add	x9, x9, #0x0
0000000100001de4	ldrb	w9, [x9, #0x400]
0000000100001de8	subs	w8, w8, w9
0000000100001dec	cset	w8, ge
0000000100001df0	tbnz	w8, #0x0, 0x100001e44
0000000100001df4	b	0x100001df8
0000000100001df8	adrp	x8, 8 ; 0x100009000
0000000100001dfc	ldr	w8, [x8, #0x800]
0000000100001e00	str	w8, [sp, #0xc]
0000000100001e04	ldr	w8, [sp, #0xc]
0000000100001e08	subs	w8, w8, #0x0
0000000100001e0c	cset	w8, ne
0000000100001e10	tbnz	w8, #0x0, 0x100001e2c
0000000100001e14	b	0x100001e18
0000000100001e18	adrp	x8, 7 ; 0x100008000
0000000100001e1c	ldr	x8, [x8]
0000000100001e20	adrp	x9, 41 ; 0x10002a000
0000000100001e24	str	x8, [x9]
0000000100001e28	b	0x100001e40
0000000100001e2c	adrp	x8, 8 ; 0x100009000
0000000100001e30	ldr	x8, [x8]
0000000100001e34	adrp	x9, 41 ; 0x10002a000
0000000100001e38	str	x8, [x9, #0x8]
0000000100001e3c	b	0x100001e40
0000000100001e40	b	0x100001e44
0000000100001e44	ldur	x9, [x29, #-0x18]
0000000100001e48	adrp	x8, 3 ; 0x100004000
0000000100001e4c	ldr	x8, [x8, #0x8] ; literal pool symbol address: ___stack_chk_guard
0000000100001e50	ldr	x8, [x8]
0000000100001e54	subs	x8, x8, x9
0000000100001e58	cset	w8, eq
0000000100001e5c	tbnz	w8, #0x0, 0x100001e68
0000000100001e60	b	0x100001e64
0000000100001e64	bl	0x100003d84 ; symbol stub for: ___stack_chk_fail
0000000100001e68	mov	w0, #0x0
0000000100001e6c	ldp	x29, x30, [sp, #0x130]
0000000100001e70	ldp	x28, x27, [sp, #0x120]
0000000100001e74	add	sp, sp, #0x140
0000000100001e78	ret
_setup:
0000000100001e7c	sub	sp, sp, #0x20
0000000100001e80	stp	x29, x30, [sp, #0x10]
0000000100001e84	add	x29, sp, #0x10
0000000100001e88	stur	wzr, [x29, #-0x4]
0000000100001e8c	b	0x100001e90
0000000100001e90	ldursw	x8, [x29, #-0x4]
0000000100001e94	subs	x8, x8, #0x20, lsl #12
0000000100001e98	cset	w8, hs
0000000100001e9c	tbnz	w8, #0x0, 0x100001ecc
0000000100001ea0	b	0x100001ea4
0000000100001ea4	ldursw	x9, [x29, #-0x4]
0000000100001ea8	adrp	x8, 9 ; 0x10000a000
0000000100001eac	add	x8, x8, #0x0
0000000100001eb0	add	x8, x8, x9
0000000100001eb4	strb	wzr, [x8]
0000000100001eb8	b	0x100001ebc
0000000100001ebc	ldur	w8, [x29, #-0x4]
0000000100001ec0	add	w8, w8, #0x1
0000000100001ec4	stur	w8, [x29, #-0x4]
0000000100001ec8	b	0x100001e90
0000000100001ecc	adrp	x9, 9 ; 0x10000a000
0000000100001ed0	add	x9, x9, #0x0
0000000100001ed4	add	x0, x9, #0x400
0000000100001ed8	mov	w8, #0xa
0000000100001edc	strb	w8, [x9, #0x400]
0000000100001ee0	bl	_cache_remove_prepare
0000000100001ee4	adrp	x8, 41 ; 0x10002a000
0000000100001ee8	str	x0, [x8, #0x800]
0000000100001eec	adrp	x0, 7 ; 0x100008000
0000000100001ef0	add	x0, x0, #0x0
0000000100001ef4	bl	_cache_remove_prepare
0000000100001ef8	adrp	x8, 42 ; 0x10002b000
0000000100001efc	str	x0, [x8]
0000000100001f00	adrp	x0, 8 ; 0x100009000
0000000100001f04	add	x0, x0, #0x0
0000000100001f08	bl	_cache_remove_prepare
0000000100001f0c	adrp	x8, 42 ; 0x10002b000
0000000100001f10	str	x0, [x8, #0x800]
0000000100001f14	adrp	x0, 8 ; 0x100009000
0000000100001f18	add	x0, x0, #0x800
0000000100001f1c	bl	_cache_remove_prepare
0000000100001f20	adrp	x8, 43 ; 0x10002c000
0000000100001f24	str	x0, [x8]
0000000100001f28	ldp	x29, x30, [sp, #0x10]
0000000100001f2c	add	sp, sp, #0x20
0000000100001f30	ret
_leakValue:
0000000100001f34	sub	sp, sp, #0x60
0000000100001f38	stp	x29, x30, [sp, #0x50]
0000000100001f3c	add	x29, sp, #0x50
0000000100001f40	str	wzr, [sp, #0x1c]
0000000100001f44	dmb	sy
0000000100001f48	isb
0000000100001f4c	mov	w8, #0x28
0000000100001f50	str	w8, [sp, #0x18]
0000000100001f54	b	0x100001f58
0000000100001f58	ldr	w8, [sp, #0x18]
0000000100001f5c	subs	w8, w8, #0x0
0000000100001f60	cset	w8, lt
0000000100001f64	tbnz	w8, #0x0, 0x100001fe0
0000000100001f68	b	0x100001f6c
0000000100001f6c	ldr	w8, [sp, #0x18]
0000000100001f70	subs	w8, w8, #0x0
0000000100001f74	cset	w8, eq
0000000100001f78	and	w8, w8, #0x1
0000000100001f7c	mov	w9, #0xa
0000000100001f80	mul	w8, w8, w9
0000000100001f84	str	w8, [sp, #0x14]
0000000100001f88	adrp	x8, 41 ; 0x10002a000
0000000100001f8c	ldr	x0, [x8, #0x800]
0000000100001f90	bl	_cache_remove
0000000100001f94	adrp	x8, 42 ; 0x10002b000
0000000100001f98	ldr	x0, [x8]
0000000100001f9c	bl	_cache_remove
0000000100001fa0	adrp	x8, 42 ; 0x10002b000
0000000100001fa4	ldr	x0, [x8, #0x800]
0000000100001fa8	bl	_cache_remove
0000000100001fac	dmb	sy
0000000100001fb0	isb
0000000100001fb4	adrp	x8, 8 ; 0x100009000
0000000100001fb8	ldr	w0, [x8, #0x800]
0000000100001fbc	ldr	w1, [sp, #0x14]
0000000100001fc0	bl	_victim_function
0000000100001fc4	dmb	sy
0000000100001fc8	isb
0000000100001fcc	b	0x100001fd0
0000000100001fd0	ldr	w8, [sp, #0x18]
0000000100001fd4	subs	w8, w8, #0x1
0000000100001fd8	str	w8, [sp, #0x18]
0000000100001fdc	b	0x100001f58
0000000100001fe0	adrp	x8, 7 ; 0x100008000
0000000100001fe4	add	x8, x8, #0x0
0000000100001fe8	stur	x8, [x29, #-0x8]
0000000100001fec	dmb	sy
0000000100001ff0	isb
0000000100001ff4	adrp	x8, 43 ; 0x10002c000
0000000100001ff8	add	x8, x8, #0x858
0000000100001ffc	ldr	x9, [x8]
0000000100002000	stur	x9, [x29, #-0x10]
0000000100002004	dmb	sy
0000000100002008	isb
000000010000200c	ldur	x9, [x29, #-0x8]
0000000100002010	ldr	x10, [x9]
0000000100002014	dmb	sy
0000000100002018	isb
000000010000201c	ldr	x9, [x8]
0000000100002020	stur	x9, [x29, #-0x18]
0000000100002024	dmb	sy
0000000100002028	isb
000000010000202c	ldur	x9, [x29, #-0x18]
0000000100002030	ldur	x10, [x29, #-0x10]
0000000100002034	subs	x9, x9, x10
0000000100002038	adrp	x10, 42 ; 0x10002c000
000000010000203c	str	x9, [x10, #0x8]
0000000100002040	adrp	x9, 7 ; 0x100009000
0000000100002044	add	x9, x9, #0x0
0000000100002048	stur	x9, [x29, #-0x20]
000000010000204c	dmb	sy
0000000100002050	isb
0000000100002054	ldr	x9, [x8]
0000000100002058	str	x9, [sp, #0x28]
000000010000205c	dmb	sy
0000000100002060	isb
0000000100002064	ldur	x9, [x29, #-0x20]
0000000100002068	ldr	x10, [x9]
000000010000206c	dmb	sy
0000000100002070	isb
0000000100002074	ldr	x8, [x8]
0000000100002078	str	x8, [sp, #0x20]
000000010000207c	dmb	sy
0000000100002080	isb
0000000100002084	ldr	x8, [sp, #0x20]
0000000100002088	ldr	x9, [sp, #0x28]
000000010000208c	subs	x8, x8, x9
0000000100002090	adrp	x9, 42 ; 0x10002c000
0000000100002094	str	x8, [x9, #0x10]
0000000100002098	ldp	x29, x30, [sp, #0x50]
000000010000209c	add	sp, sp, #0x60
00000001000020a0	ret
_main:
00000001000020a4	stp	x28, x27, [sp, #-0x20]!
00000001000020a8	stp	x29, x30, [sp, #0x10]
00000001000020ac	add	x29, sp, #0x10
00000001000020b0	sub	sp, sp, #0x240
00000001000020b4	adrp	x8, 2 ; 0x100004000
00000001000020b8	ldr	x8, [x8, #0x8] ; literal pool symbol address: ___stack_chk_guard
00000001000020bc	ldr	x8, [x8]
00000001000020c0	stur	x8, [x29, #-0x18]
00000001000020c4	str	wzr, [sp, #0x34]
00000001000020c8	str	w0, [sp, #0x30]
00000001000020cc	str	x1, [sp, #0x28]
00000001000020d0	bl	_timer_start
00000001000020d4	ldr	x8, [sp, #0x28]
00000001000020d8	ldr	x0, [x8, #0x8]
00000001000020dc	bl	0x100003d90 ; symbol stub for: _atoi
00000001000020e0	adrp	x8, 7 ; 0x100009000
00000001000020e4	str	w0, [x8, #0x800]
00000001000020e8	str	wzr, [sp, #0x24]
00000001000020ec	dmb	sy
00000001000020f0	isb
00000001000020f4	bl	_setup
00000001000020f8	dmb	sy
00000001000020fc	isb
0000000100002100	str	wzr, [sp, #0x20]
0000000100002104	b	0x100002108
0000000100002108	ldr	w8, [sp, #0x20]
000000010000210c	subs	w8, w8, #0x20
0000000100002110	cset	w8, ge
0000000100002114	tbnz	w8, #0x0, 0x10000215c
0000000100002118	b	0x10000211c
000000010000211c	bl	_leakValue
0000000100002120	adrp	x8, 42 ; 0x10002c000
0000000100002124	ldr	x8, [x8, #0x8]
0000000100002128	ldrsw	x10, [sp, #0x20]
000000010000212c	add	x9, sp, #0x138
0000000100002130	str	x8, [x9, x10, lsl #3]
0000000100002134	adrp	x8, 42 ; 0x10002c000
0000000100002138	ldr	x8, [x8, #0x10]
000000010000213c	ldrsw	x10, [sp, #0x20]
0000000100002140	add	x9, sp, #0x38
0000000100002144	str	x8, [x9, x10, lsl #3]
0000000100002148	b	0x10000214c
000000010000214c	ldr	w8, [sp, #0x20]
0000000100002150	add	w8, w8, #0x1
0000000100002154	str	w8, [sp, #0x20]
0000000100002158	b	0x100002108
000000010000215c	str	wzr, [sp, #0x1c]
0000000100002160	b	0x100002164
0000000100002164	ldr	w8, [sp, #0x1c]
0000000100002168	subs	w8, w8, #0x20
000000010000216c	cset	w8, ge
0000000100002170	tbnz	w8, #0x0, 0x1000021ac
0000000100002174	b	0x100002178
0000000100002178	ldrsw	x9, [sp, #0x1c]
000000010000217c	add	x8, sp, #0x138
0000000100002180	ldr	x8, [x8, x9, lsl #3]
0000000100002184	mov	x9, sp
0000000100002188	str	x8, [x9]
000000010000218c	adrp	x0, 1 ; 0x100003000
0000000100002190	add	x0, x0, #0xe38 ; literal pool for: "%3lld "
0000000100002194	bl	0x100003de4 ; symbol stub for: _printf
0000000100002198	b	0x10000219c
000000010000219c	ldr	w8, [sp, #0x1c]
00000001000021a0	add	w8, w8, #0x1
00000001000021a4	str	w8, [sp, #0x1c]
00000001000021a8	b	0x100002164
00000001000021ac	adrp	x0, 1 ; 0x100003000
00000001000021b0	add	x0, x0, #0xe3f ; literal pool for: "\n"
00000001000021b4	bl	0x100003de4 ; symbol stub for: _printf
00000001000021b8	str	wzr, [sp, #0x18]
00000001000021bc	b	0x1000021c0
00000001000021c0	ldr	w8, [sp, #0x18]
00000001000021c4	subs	w8, w8, #0x20
00000001000021c8	cset	w8, ge
00000001000021cc	tbnz	w8, #0x0, 0x100002208
00000001000021d0	b	0x1000021d4
00000001000021d4	ldrsw	x9, [sp, #0x18]
00000001000021d8	add	x8, sp, #0x38
00000001000021dc	ldr	x8, [x8, x9, lsl #3]
00000001000021e0	mov	x9, sp
00000001000021e4	str	x8, [x9]
00000001000021e8	adrp	x0, 1 ; 0x100003000
00000001000021ec	add	x0, x0, #0xe38 ; literal pool for: "%3lld "
00000001000021f0	bl	0x100003de4 ; symbol stub for: _printf
00000001000021f4	b	0x1000021f8
00000001000021f8	ldr	w8, [sp, #0x18]
00000001000021fc	add	w8, w8, #0x1
0000000100002200	str	w8, [sp, #0x18]
0000000100002204	b	0x1000021c0
0000000100002208	bl	_timer_stop
000000010000220c	adrp	x8, 40 ; 0x10002a000
0000000100002210	ldr	x10, [x8]
0000000100002214	adrp	x8, 40 ; 0x10002a000
0000000100002218	ldr	x8, [x8, #0x8]
000000010000221c	mov	x9, sp
0000000100002220	str	x10, [x9]
0000000100002224	str	x8, [x9, #0x8]
0000000100002228	adrp	x0, 1 ; 0x100003000
000000010000222c	add	x0, x0, #0xe41 ; literal pool for: "%d, %d"
0000000100002230	bl	0x100003de4 ; symbol stub for: _printf
0000000100002234	ldr	w8, [sp, #0x34]
0000000100002238	str	w8, [sp, #0x14]
000000010000223c	ldur	x9, [x29, #-0x18]
0000000100002240	adrp	x8, 2 ; 0x100004000
0000000100002244	ldr	x8, [x8, #0x8] ; literal pool symbol address: ___stack_chk_guard
0000000100002248	ldr	x8, [x8]
000000010000224c	subs	x8, x8, x9
0000000100002250	cset	w8, eq
0000000100002254	tbnz	w8, #0x0, 0x100002260
0000000100002258	b	0x10000225c
000000010000225c	bl	0x100003d84 ; symbol stub for: ___stack_chk_fail
0000000100002260	ldr	w0, [sp, #0x14]
0000000100002264	add	sp, sp, #0x240
0000000100002268	ldp	x29, x30, [sp, #0x10]
000000010000226c	ldp	x28, x27, [sp], #0x20
0000000100002270	ret
_evset_init:
0000000100002274	sub	sp, sp, #0x30
0000000100002278	stp	x29, x30, [sp, #0x20]
000000010000227c	add	x29, sp, #0x20
0000000100002280	stur	x0, [x29, #-0x8]
0000000100002284	stur	w1, [x29, #-0xc]
0000000100002288	str	w2, [sp, #0x10]
000000010000228c	str	w3, [sp, #0xc]
0000000100002290	str	w4, [sp, #0x8]
0000000100002294	mov	x0, #0x0
0000000100002298	bl	0x100003e2c ; symbol stub for: _time
000000010000229c	bl	0x100003e20 ; symbol stub for: _srand
00000001000022a0	bl	_timer_start
00000001000022a4	adrp	x8, 42 ; 0x10002c000
00000001000022a8	ldr	x8, [x8, #0x840]
00000001000022ac	subs	x8, x8, #0x0
00000001000022b0	cset	w8, ne
00000001000022b4	tbnz	w8, #0x0, 0x1000022cc
00000001000022b8	b	0x1000022bc
00000001000022bc	ldur	x8, [x29, #-0x8]
00000001000022c0	adrp	x9, 42 ; 0x10002c000
00000001000022c4	str	x8, [x9, #0x840]
00000001000022c8	b	0x1000022cc
00000001000022cc	adrp	x8, 42 ; 0x10002c000
00000001000022d0	ldr	w8, [x8, #0x828]
00000001000022d4	subs	w8, w8, #0x0
00000001000022d8	cset	w8, ne
00000001000022dc	tbnz	w8, #0x0, 0x1000022f4
00000001000022e0	b	0x1000022e4
00000001000022e4	ldur	w8, [x29, #-0xc]
00000001000022e8	adrp	x9, 42 ; 0x10002c000
00000001000022ec	str	w8, [x9, #0x828]
00000001000022f0	b	0x1000022f4
00000001000022f4	adrp	x8, 42 ; 0x10002c000
00000001000022f8	ldr	x8, [x8, #0x830]
00000001000022fc	subs	x8, x8, #0x0
0000000100002300	cset	w8, ne
0000000100002304	tbnz	w8, #0x0, 0x10000231c
0000000100002308	b	0x10000230c
000000010000230c	ldrsw	x8, [sp, #0x10]
0000000100002310	adrp	x9, 42 ; 0x10002c000
0000000100002314	str	x8, [x9, #0x830]
0000000100002318	b	0x10000231c
000000010000231c	adrp	x8, 42 ; 0x10002c000
0000000100002320	ldr	x8, [x8, #0x838]
0000000100002324	subs	x8, x8, #0x0
0000000100002328	cset	w8, ne
000000010000232c	tbnz	w8, #0x0, 0x100002344
0000000100002330	b	0x100002334
0000000100002334	ldrsw	x8, [sp, #0xc]
0000000100002338	adrp	x9, 42 ; 0x10002c000
000000010000233c	str	x8, [x9, #0x838]
0000000100002340	b	0x100002344
0000000100002344	adrp	x8, 42 ; 0x10002c000
0000000100002348	ldr	x8, [x8, #0x810]
000000010000234c	subs	x8, x8, #0x0
0000000100002350	cset	w8, ne
0000000100002354	tbnz	w8, #0x0, 0x10000236c
0000000100002358	b	0x10000235c
000000010000235c	ldrsw	x8, [sp, #0x8]
0000000100002360	adrp	x9, 42 ; 0x10002c000
0000000100002364	str	x8, [x9, #0x810]
0000000100002368	b	0x10000236c
000000010000236c	adrp	x8, 42 ; 0x10002c000
0000000100002370	ldr	x8, [x8, #0x818]
0000000100002374	subs	x8, x8, #0x0
0000000100002378	cset	w8, ne
000000010000237c	tbnz	w8, #0x0, 0x10000239c
0000000100002380	b	0x100002384
0000000100002384	mov	x0, #0x1
0000000100002388	mov	x1, #0x8
000000010000238c	bl	0x100003d9c ; symbol stub for: _calloc
0000000100002390	adrp	x8, 42 ; 0x10002c000
0000000100002394	str	x0, [x8, #0x818]
0000000100002398	b	0x10000239c
000000010000239c	adrp	x8, 42 ; 0x10002c000
00000001000023a0	ldr	x8, [x8, #0x820]
00000001000023a4	subs	x8, x8, #0x0
00000001000023a8	cset	w8, ne
00000001000023ac	tbnz	w8, #0x0, 0x1000023cc
00000001000023b0	b	0x1000023b4
00000001000023b4	mov	x0, #0x1
00000001000023b8	mov	x1, #0x8
00000001000023bc	bl	0x100003d9c ; symbol stub for: _calloc
00000001000023c0	adrp	x8, 42 ; 0x10002c000
00000001000023c4	str	x0, [x8, #0x820]
00000001000023c8	b	0x1000023cc
00000001000023cc	bl	_timer_stop
00000001000023d0	ldp	x29, x30, [sp, #0x20]
00000001000023d4	add	sp, sp, #0x30
00000001000023d8	ret
_evset_find:
00000001000023dc	sub	sp, sp, #0x70
00000001000023e0	stp	x29, x30, [sp, #0x60]
00000001000023e4	add	x29, sp, #0x60
00000001000023e8	stur	x0, [x29, #-0x8]
00000001000023ec	adrp	x9, 42 ; 0x10002c000
00000001000023f0	ldr	x8, [x9, #0x830]
00000001000023f4	subs	x8, x8, #0x1
00000001000023f8	ldur	x10, [x29, #-0x8]
00000001000023fc	and	x8, x8, x10
0000000100002400	adrp	x10, 7 ; 0x100009000
0000000100002404	ldr	x10, [x10, #0x808]
0000000100002408	subs	x10, x10, #0x1
000000010000240c	bic	x8, x8, x10
0000000100002410	stur	x8, [x29, #-0x10]
0000000100002414	mov	w8, #-0x1
0000000100002418	stur	w8, [x29, #-0x14]
000000010000241c	ldur	x8, [x29, #-0x8]
0000000100002420	ldr	x9, [x9, #0x830]
0000000100002424	udiv	x8, x8, x9
0000000100002428	stur	x8, [x29, #-0x20]
000000010000242c	stur	wzr, [x29, #-0x24]
0000000100002430	b	0x100002434
0000000100002434	ldur	w8, [x29, #-0x24]
0000000100002438	adrp	x9, 42 ; 0x10002c000
000000010000243c	ldr	w9, [x9, #0x82c]
0000000100002440	subs	w9, w9, #0x1
0000000100002444	subs	w8, w8, w9
0000000100002448	cset	w8, ge
000000010000244c	tbnz	w8, #0x0, 0x100002498
0000000100002450	b	0x100002454
0000000100002454	adrp	x8, 42 ; 0x10002c000
0000000100002458	ldr	x8, [x8, #0x820]
000000010000245c	ldursw	x9, [x29, #-0x24]
0000000100002460	ldr	x8, [x8, x9, lsl #3]
0000000100002464	ldur	x9, [x29, #-0x20]
0000000100002468	subs	x8, x8, x9
000000010000246c	cset	w8, ne
0000000100002470	tbnz	w8, #0x0, 0x100002484
0000000100002474	b	0x100002478
0000000100002478	ldur	w8, [x29, #-0x24]
000000010000247c	stur	w8, [x29, #-0x14]
0000000100002480	b	0x100002498
0000000100002484	b	0x100002488
0000000100002488	ldur	w8, [x29, #-0x24]
000000010000248c	add	w8, w8, #0x1
0000000100002490	stur	w8, [x29, #-0x24]
0000000100002494	b	0x100002434
0000000100002498	ldur	w8, [x29, #-0x14]
000000010000249c	adds	w8, w8, #0x1
00000001000024a0	cset	w8, eq
00000001000024a4	tbnz	w8, #0x0, 0x1000024cc
00000001000024a8	b	0x1000024ac
00000001000024ac	adrp	x8, 42 ; 0x10002c000
00000001000024b0	ldr	x8, [x8, #0x818]
00000001000024b4	ldursw	x9, [x29, #-0x14]
00000001000024b8	ldr	x0, [x8, x9, lsl #3]
00000001000024bc	ldur	x1, [x29, #-0x10]
00000001000024c0	bl	_initialize_list_with_offset
00000001000024c4	str	x0, [sp, #0x30]
00000001000024c8	b	0x100002698
00000001000024cc	adrp	x8, 42 ; 0x10002c000
00000001000024d0	ldr	x1, [x8, #0x838]
00000001000024d4	mov	x0, #0x0
00000001000024d8	mov	w2, #0x3
00000001000024dc	mov	w3, #0x1002
00000001000024e0	mov	w4, #0x0
00000001000024e4	mov	x5, #0x0
00000001000024e8	bl	0x100003dcc ; symbol stub for: _mmap
00000001000024ec	str	x0, [sp, #0x28]
00000001000024f0	ldr	x8, [sp, #0x28]
00000001000024f4	subs	x8, x8, #0x0
00000001000024f8	cset	w8, ne
00000001000024fc	tbnz	w8, #0x0, 0x100002514
0000000100002500	b	0x100002504
0000000100002504	adrp	x0, 1 ; 0x100003000
0000000100002508	add	x0, x0, #0xe48 ; literal pool for: "MMAP FAILED\n"
000000010000250c	bl	0x100003de4 ; symbol stub for: _printf
0000000100002510	b	0x100002514
0000000100002514	ldr	x8, [sp, #0x28]
0000000100002518	ldur	x9, [x29, #-0x10]
000000010000251c	add	x8, x8, x9
0000000100002520	str	x8, [sp, #0x30]
0000000100002524	ldr	x0, [sp, #0x28]
0000000100002528	adrp	x8, 42 ; 0x10002c000
000000010000252c	ldr	x1, [x8, #0x838]
0000000100002530	ldur	x2, [x29, #-0x10]
0000000100002534	bl	_initialize_list
0000000100002538	str	xzr, [sp, #0x20]
000000010000253c	str	wzr, [sp, #0x1c]
0000000100002540	b	0x100002544
0000000100002544	ldur	x2, [x29, #-0x8]
0000000100002548	add	x0, sp, #0x30
000000010000254c	add	x1, sp, #0x20
0000000100002550	bl	_gt_eviction
0000000100002554	subs	w8, w0, #0x0
0000000100002558	cset	w8, eq
000000010000255c	tbnz	w8, #0x0, 0x100002604
0000000100002560	b	0x100002564
0000000100002564	adrp	x0, 1 ; 0x100003000
0000000100002568	add	x0, x0, #0xe55 ; literal pool for: "finding eviction set failed!\n"
000000010000256c	bl	0x100003de4 ; symbol stub for: _printf
0000000100002570	ldr	w8, [sp, #0x1c]
0000000100002574	subs	w8, w8, #0x14
0000000100002578	cset	w8, le
000000010000257c	tbnz	w8, #0x0, 0x100002594
0000000100002580	b	0x100002584
0000000100002584	adrp	x0, 1 ; 0x100003000
0000000100002588	add	x0, x0, #0xe73 ; literal pool for: "max retries exceeded!\n"
000000010000258c	bl	0x100003de4 ; symbol stub for: _printf
0000000100002590	b	0x100002604
0000000100002594	ldr	x0, [sp, #0x28]
0000000100002598	adrp	x8, 42 ; 0x10002c000
000000010000259c	str	x8, [sp, #0x8]
00000001000025a0	ldr	x1, [x8, #0x838]
00000001000025a4	bl	0x100003dd8 ; symbol stub for: _munmap
00000001000025a8	ldr	x8, [sp, #0x8]
00000001000025ac	ldr	x1, [x8, #0x838]
00000001000025b0	mov	x0, #0x0
00000001000025b4	mov	w2, #0x3
00000001000025b8	mov	w3, #0x1002
00000001000025bc	mov	w4, #0x0
00000001000025c0	mov	x5, #0x0
00000001000025c4	bl	0x100003dcc ; symbol stub for: _mmap
00000001000025c8	ldr	x8, [sp, #0x8]
00000001000025cc	str	x0, [sp, #0x28]
00000001000025d0	ldr	x9, [sp, #0x28]
00000001000025d4	ldur	x10, [x29, #-0x10]
00000001000025d8	add	x9, x9, x10
00000001000025dc	str	x9, [sp, #0x30]
00000001000025e0	ldr	x0, [sp, #0x28]
00000001000025e4	ldr	x1, [x8, #0x838]
00000001000025e8	ldur	x2, [x29, #-0x10]
00000001000025ec	bl	_initialize_list
00000001000025f0	str	xzr, [sp, #0x20]
00000001000025f4	ldr	w8, [sp, #0x1c]
00000001000025f8	add	w8, w8, #0x1
00000001000025fc	str	w8, [sp, #0x1c]
0000000100002600	b	0x100002544
0000000100002604	ldr	w8, [sp, #0x1c]
0000000100002608	subs	w8, w8, #0x14
000000010000260c	cset	w8, ge
0000000100002610	tbnz	w8, #0x0, 0x100002628
0000000100002614	b	0x100002618
0000000100002618	adrp	x0, 1 ; 0x100003000
000000010000261c	add	x0, x0, #0xe8a ; literal pool for: "Eviction set found!\n"
0000000100002620	bl	0x100003de4 ; symbol stub for: _printf
0000000100002624	b	0x100002628
0000000100002628	b	0x10000262c
000000010000262c	ldr	x8, [sp, #0x20]
0000000100002630	subs	x8, x8, #0x0
0000000100002634	cset	w8, eq
0000000100002638	tbnz	w8, #0x0, 0x100002694
000000010000263c	b	0x100002640
0000000100002640	ldr	x8, [sp, #0x20]
0000000100002644	ldr	x8, [x8]
0000000100002648	str	x8, [sp, #0x10]
000000010000264c	ldr	x9, [sp, #0x20]
0000000100002650	adrp	x8, 42 ; 0x10002c000
0000000100002654	ldr	x10, [x8, #0x830]
0000000100002658	subs	x10, x10, #0x1
000000010000265c	bic	x0, x9, x10
0000000100002660	ldr	x1, [x8, #0x830]
0000000100002664	bl	0x100003dd8 ; symbol stub for: _munmap
0000000100002668	subs	w8, w0, #0x0
000000010000266c	cset	w8, eq
0000000100002670	tbnz	w8, #0x0, 0x100002688
0000000100002674	b	0x100002678
0000000100002678	adrp	x0, 1 ; 0x100003000
000000010000267c	add	x0, x0, #0xe9f ; literal pool for: "munmap failed!\n"
0000000100002680	bl	0x100003de4 ; symbol stub for: _printf
0000000100002684	b	0x100002688
0000000100002688	ldr	x8, [sp, #0x10]
000000010000268c	str	x8, [sp, #0x20]
0000000100002690	b	0x10000262c
0000000100002694	b	0x100002698
0000000100002698	ldr	x8, [sp, #0x30]
000000010000269c	adrp	x9, 42 ; 0x10002c000
00000001000026a0	ldr	x9, [x9, #0x818]
00000001000026a4	adrp	x10, 42 ; 0x10002c000
00000001000026a8	ldr	w11, [x10, #0x82c]
00000001000026ac	subs	w11, w11, #0x1
00000001000026b0	str	x8, [x9, w11, sxtw #3]
00000001000026b4	ldur	x8, [x29, #-0x20]
00000001000026b8	adrp	x9, 42 ; 0x10002c000
00000001000026bc	ldr	x9, [x9, #0x820]
00000001000026c0	ldr	w10, [x10, #0x82c]
00000001000026c4	subs	w10, w10, #0x1
00000001000026c8	str	x8, [x9, w10, sxtw #3]
00000001000026cc	ldp	x29, x30, [sp, #0x60]
00000001000026d0	add	sp, sp, #0x70
00000001000026d4	ret
_initialize_list_with_offset:
00000001000026d8	sub	sp, sp, #0x30
00000001000026dc	str	x0, [sp, #0x28]
00000001000026e0	str	x1, [sp, #0x20]
00000001000026e4	ldr	x8, [sp, #0x28]
00000001000026e8	adrp	x9, 42 ; 0x10002c000
00000001000026ec	ldr	x9, [x9, #0x830]
00000001000026f0	subs	x9, x9, #0x1
00000001000026f4	and	x8, x8, x9
00000001000026f8	ldr	x9, [sp, #0x20]
00000001000026fc	eor	x8, x8, x9
0000000100002700	str	x8, [sp, #0x18]
0000000100002704	str	xzr, [sp, #0x10]
0000000100002708	ldr	x8, [sp, #0x28]
000000010000270c	ldr	x9, [sp, #0x18]
0000000100002710	eor	x8, x8, x9
0000000100002714	str	x8, [sp, #0x8]
0000000100002718	b	0x10000271c
000000010000271c	ldr	x8, [sp, #0x28]
0000000100002720	subs	x8, x8, #0x0
0000000100002724	cset	w8, eq
0000000100002728	tbnz	w8, #0x0, 0x1000027a4
000000010000272c	b	0x100002730
0000000100002730	ldr	x8, [sp, #0x28]
0000000100002734	ldr	x9, [sp, #0x18]
0000000100002738	eor	x8, x8, x9
000000010000273c	str	x8, [sp]
0000000100002740	ldr	x9, [sp]
0000000100002744	mov	w8, #-0x2
0000000100002748	str	w8, [x9, #0x10]
000000010000274c	ldr	x8, [sp]
0000000100002750	str	xzr, [x8, #0x18]
0000000100002754	ldr	x8, [sp, #0x10]
0000000100002758	ldr	x9, [sp]
000000010000275c	str	x8, [x9, #0x8]
0000000100002760	ldr	x8, [sp]
0000000100002764	str	xzr, [x8]
0000000100002768	ldr	x8, [sp, #0x10]
000000010000276c	subs	x8, x8, #0x0
0000000100002770	cset	w8, eq
0000000100002774	tbnz	w8, #0x0, 0x10000278c
0000000100002778	b	0x10000277c
000000010000277c	ldr	x8, [sp]
0000000100002780	ldr	x9, [sp, #0x10]
0000000100002784	str	x8, [x9]
0000000100002788	b	0x10000278c
000000010000278c	ldr	x8, [sp]
0000000100002790	str	x8, [sp, #0x10]
0000000100002794	ldr	x8, [sp, #0x28]
0000000100002798	ldr	x8, [x8]
000000010000279c	str	x8, [sp, #0x28]
00000001000027a0	b	0x10000271c
00000001000027a4	ldr	x0, [sp, #0x8]
00000001000027a8	add	sp, sp, #0x30
00000001000027ac	ret
_initialize_list:
00000001000027b0	sub	sp, sp, #0x30
00000001000027b4	str	x0, [sp, #0x28]
00000001000027b8	str	x1, [sp, #0x20]
00000001000027bc	str	x2, [sp, #0x18]
00000001000027c0	str	xzr, [sp, #0x10]
00000001000027c4	str	xzr, [sp, #0x8]
00000001000027c8	ldr	x8, [sp, #0x18]
00000001000027cc	str	x8, [sp, #0x10]
00000001000027d0	b	0x1000027d4
00000001000027d4	ldr	x8, [sp, #0x10]
00000001000027d8	ldr	x9, [sp, #0x20]
00000001000027dc	subs	x9, x9, #0x40
00000001000027e0	subs	x8, x8, x9
00000001000027e4	cset	w8, hs
00000001000027e8	tbnz	w8, #0x0, 0x100002870
00000001000027ec	b	0x1000027f0
00000001000027f0	ldr	x8, [sp, #0x28]
00000001000027f4	ldr	x9, [sp, #0x10]
00000001000027f8	add	x8, x8, x9
00000001000027fc	str	x8, [sp]
0000000100002800	ldr	x9, [sp]
0000000100002804	mov	w8, #-0x2
0000000100002808	str	w8, [x9, #0x10]
000000010000280c	ldr	x8, [sp]
0000000100002810	str	xzr, [x8, #0x18]
0000000100002814	ldr	x8, [sp, #0x8]
0000000100002818	ldr	x9, [sp]
000000010000281c	str	x8, [x9, #0x8]
0000000100002820	ldr	x8, [sp]
0000000100002824	str	xzr, [x8]
0000000100002828	ldr	x8, [sp, #0x8]
000000010000282c	subs	x8, x8, #0x0
0000000100002830	cset	w8, eq
0000000100002834	tbnz	w8, #0x0, 0x10000284c
0000000100002838	b	0x10000283c
000000010000283c	ldr	x8, [sp]
0000000100002840	ldr	x9, [sp, #0x8]
0000000100002844	str	x8, [x9]
0000000100002848	b	0x10000284c
000000010000284c	ldr	x8, [sp]
0000000100002850	str	x8, [sp, #0x8]
0000000100002854	b	0x100002858
0000000100002858	adrp	x8, 42 ; 0x10002c000
000000010000285c	ldr	x9, [x8, #0x830]
0000000100002860	ldr	x8, [sp, #0x10]
0000000100002864	add	x8, x8, x9
0000000100002868	str	x8, [sp, #0x10]
000000010000286c	b	0x1000027d4
0000000100002870	add	sp, sp, #0x30
0000000100002874	ret
_gt_eviction:
0000000100002878	sub	sp, sp, #0xd0
000000010000287c	stp	x29, x30, [sp, #0xc0]
0000000100002880	add	x29, sp, #0xc0
0000000100002884	stur	x0, [x29, #-0x10]
0000000100002888	stur	x1, [x29, #-0x18]
000000010000288c	stur	x2, [x29, #-0x20]
0000000100002890	adrp	x8, 42 ; 0x10002c000
0000000100002894	ldr	w8, [x8, #0x828]
0000000100002898	add	w9, w8, #0x1
000000010000289c	mov	x8, x9
00000001000028a0	sxtw	x0, w8
00000001000028a4	mov	x1, #0x8
00000001000028a8	bl	0x100003d9c ; symbol stub for: _calloc
00000001000028ac	stur	x0, [x29, #-0x28]
00000001000028b0	ldur	x8, [x29, #-0x28]
00000001000028b4	subs	x8, x8, #0x0
00000001000028b8	cset	w8, ne
00000001000028bc	tbnz	w8, #0x0, 0x1000028dc
00000001000028c0	b	0x1000028c4
00000001000028c4	adrp	x0, 1 ; 0x100003000
00000001000028c8	add	x0, x0, #0xf03 ; literal pool for: "Could not allocate chunks!\n"
00000001000028cc	bl	0x100003de4 ; symbol stub for: _printf
00000001000028d0	mov	w8, #0x1
00000001000028d4	stur	w8, [x29, #-0x4]
00000001000028d8	b	0x100002e18
00000001000028dc	adrp	x8, 42 ; 0x10002c000
00000001000028e0	ldr	w8, [x8, #0x828]
00000001000028e4	add	w9, w8, #0x1
00000001000028e8	mov	x8, x9
00000001000028ec	sxtw	x0, w8
00000001000028f0	mov	x1, #0x4
00000001000028f4	bl	0x100003d9c ; symbol stub for: _calloc
00000001000028f8	stur	x0, [x29, #-0x30]
00000001000028fc	ldur	x8, [x29, #-0x30]
0000000100002900	subs	x8, x8, #0x0
0000000100002904	cset	w8, ne
0000000100002908	tbnz	w8, #0x0, 0x100002930
000000010000290c	b	0x100002910
0000000100002910	adrp	x0, 1 ; 0x100003000
0000000100002914	add	x0, x0, #0xf1f ; literal pool for: "Could not allocate ichunks!\n"
0000000100002918	bl	0x100003de4 ; symbol stub for: _printf
000000010000291c	ldur	x0, [x29, #-0x28]
0000000100002920	bl	0x100003da8 ; symbol stub for: _free
0000000100002924	mov	w8, #0x1
0000000100002928	stur	w8, [x29, #-0x4]
000000010000292c	b	0x100002e18
0000000100002930	ldur	x8, [x29, #-0x10]
0000000100002934	ldr	x0, [x8]
0000000100002938	bl	_list_length
000000010000293c	stur	w0, [x29, #-0x38]
0000000100002940	stur	wzr, [x29, #-0x3c]
0000000100002944	adrp	x8, 42 ; 0x10002c000
0000000100002948	ldr	s1, [x8, #0x828]
000000010000294c	fmov	s0, s1
0000000100002950	sshll.2d	v0, v0, #0x0
0000000100002954	scvtf	d0, d0
0000000100002958	ldur	s2, [x29, #-0x38]
000000010000295c	fmov	s1, s2
0000000100002960	sshll.2d	v1, v1, #0x0
0000000100002964	scvtf	d1, d1
0000000100002968	fdiv	d0, d0, d1
000000010000296c	stur	d0, [x29, #-0x48]
0000000100002970	ldr	s1, [x8, #0x828]
0000000100002974	fmov	s0, s1
0000000100002978	sshll.2d	v0, v0, #0x0
000000010000297c	scvtf	d0, d0
0000000100002980	ldr	w8, [x8, #0x828]
0000000100002984	add	w8, w8, #0x1
0000000100002988	scvtf	d1, w8
000000010000298c	fdiv	d0, d0, d1
0000000100002990	stur	d0, [x29, #-0x50]
0000000100002994	ldur	d0, [x29, #-0x48]
0000000100002998	bl	0x100003db4 ; symbol stub for: _log
000000010000299c	str	d0, [sp, #0x48]
00000001000029a0	ldur	d0, [x29, #-0x50]
00000001000029a4	bl	0x100003db4 ; symbol stub for: _log
00000001000029a8	fmov	d1, d0
00000001000029ac	ldr	d0, [sp, #0x48]
00000001000029b0	fdiv	d0, d0, d1
00000001000029b4	fcvtps	w8, d0
00000001000029b8	stur	w8, [x29, #-0x54]
00000001000029bc	stur	wzr, [x29, #-0x58]
00000001000029c0	ldur	w8, [x29, #-0x54]
00000001000029c4	lsl	w9, w8, #1
00000001000029c8	mov	x8, x9
00000001000029cc	sxtw	x0, w8
00000001000029d0	mov	x1, #0x8
00000001000029d4	bl	0x100003d9c ; symbol stub for: _calloc
00000001000029d8	str	x0, [sp, #0x60]
00000001000029dc	ldr	x8, [sp, #0x60]
00000001000029e0	subs	x8, x8, #0x0
00000001000029e4	cset	w8, ne
00000001000029e8	tbnz	w8, #0x0, 0x100002a64
00000001000029ec	b	0x1000029f0
00000001000029f0	ldur	w9, [x29, #-0x54]
00000001000029f4	mov	x8, x9
00000001000029f8	str	x8, [sp, #0x30]
00000001000029fc	ldur	d0, [x29, #-0x48]
0000000100002a00	str	d0, [sp, #0x38]
0000000100002a04	ldur	d0, [x29, #-0x50]
0000000100002a08	str	d0, [sp, #0x40]
0000000100002a0c	ldur	x8, [x29, #-0x10]
0000000100002a10	ldr	x0, [x8]
0000000100002a14	bl	_list_length
0000000100002a18	ldr	x8, [sp, #0x30]
0000000100002a1c	ldr	d1, [sp, #0x38]
0000000100002a20	ldr	d0, [sp, #0x40]
0000000100002a24	mov	x9, sp
0000000100002a28	str	x8, [x9]
0000000100002a2c	str	d1, [x9, #0x8]
0000000100002a30	str	d0, [x9, #0x10]
0000000100002a34	mov	x8, x0
0000000100002a38	str	x8, [x9, #0x18]
0000000100002a3c	adrp	x0, 1 ; 0x100003000
0000000100002a40	add	x0, x0, #0xf3c ; literal pool for: "Could not allocate back (%d, %f, %f, %d)!\n"
0000000100002a44	bl	0x100003de4 ; symbol stub for: _printf
0000000100002a48	ldur	x0, [x29, #-0x28]
0000000100002a4c	bl	0x100003da8 ; symbol stub for: _free
0000000100002a50	ldur	x0, [x29, #-0x30]
0000000100002a54	bl	0x100003da8 ; symbol stub for: _free
0000000100002a58	mov	w8, #0x1
0000000100002a5c	stur	w8, [x29, #-0x4]
0000000100002a60	b	0x100002e18
0000000100002a64	str	wzr, [sp, #0x5c]
0000000100002a68	b	0x100002a6c
0000000100002a6c	stur	wzr, [x29, #-0x34]
0000000100002a70	b	0x100002a74
0000000100002a74	ldur	w8, [x29, #-0x34]
0000000100002a78	adrp	x9, 42 ; 0x10002c000
0000000100002a7c	ldr	w9, [x9, #0x828]
0000000100002a80	add	w9, w9, #0x1
0000000100002a84	subs	w8, w8, w9
0000000100002a88	cset	w8, ge
0000000100002a8c	tbnz	w8, #0x0, 0x100002ab8
0000000100002a90	b	0x100002a94
0000000100002a94	ldur	w8, [x29, #-0x34]
0000000100002a98	ldur	x9, [x29, #-0x30]
0000000100002a9c	ldursw	x10, [x29, #-0x34]
0000000100002aa0	str	w8, [x9, x10, lsl #2]
0000000100002aa4	b	0x100002aa8
0000000100002aa8	ldur	w8, [x29, #-0x34]
0000000100002aac	add	w8, w8, #0x1
0000000100002ab0	stur	w8, [x29, #-0x34]
0000000100002ab4	b	0x100002a74
0000000100002ab8	ldur	x0, [x29, #-0x30]
0000000100002abc	adrp	x8, 42 ; 0x10002c000
0000000100002ac0	ldr	w8, [x8, #0x828]
0000000100002ac4	add	w9, w8, #0x1
0000000100002ac8	mov	x8, x9
0000000100002acc	sxtw	x1, w8
0000000100002ad0	bl	_shuffle
0000000100002ad4	b	0x100002ad8
0000000100002ad8	ldur	w8, [x29, #-0x38]
0000000100002adc	adrp	x9, 42 ; 0x10002c000
0000000100002ae0	ldr	w9, [x9, #0x828]
0000000100002ae4	subs	w8, w8, w9
0000000100002ae8	cset	w8, le
0000000100002aec	tbnz	w8, #0x0, 0x100002cfc
0000000100002af0	b	0x100002af4
0000000100002af4	ldur	x8, [x29, #-0x10]
0000000100002af8	ldr	x0, [x8]
0000000100002afc	ldur	x1, [x29, #-0x28]
0000000100002b00	adrp	x8, 42 ; 0x10002c000
0000000100002b04	ldr	w8, [x8, #0x828]
0000000100002b08	add	w2, w8, #0x1
0000000100002b0c	bl	_list_split
0000000100002b10	str	wzr, [sp, #0x58]
0000000100002b14	str	wzr, [sp, #0x54]
0000000100002b18	b	0x100002b1c
0000000100002b1c	ldur	x0, [x29, #-0x10]
0000000100002b20	ldur	x1, [x29, #-0x28]
0000000100002b24	ldur	x8, [x29, #-0x30]
0000000100002b28	ldrsw	x9, [sp, #0x58]
0000000100002b2c	ldr	w2, [x8, x9, lsl #2]
0000000100002b30	adrp	x8, 42 ; 0x10002c000
0000000100002b34	ldr	w8, [x8, #0x828]
0000000100002b38	add	w3, w8, #0x1
0000000100002b3c	bl	_list_from_chunks
0000000100002b40	ldr	w8, [sp, #0x58]
0000000100002b44	add	w8, w8, #0x1
0000000100002b48	str	w8, [sp, #0x58]
0000000100002b4c	ldur	x8, [x29, #-0x10]
0000000100002b50	ldr	x0, [x8]
0000000100002b54	ldur	x1, [x29, #-0x20]
0000000100002b58	mov	w2, #0x32
0000000100002b5c	bl	_tests_avg
0000000100002b60	str	w0, [sp, #0x54]
0000000100002b64	b	0x100002b68
0000000100002b68	ldr	w8, [sp, #0x54]
0000000100002b6c	subs	w8, w8, #0x0
0000000100002b70	cset	w8, ne
0000000100002b74	mov	w9, #0x0
0000000100002b78	str	w9, [sp, #0x2c]
0000000100002b7c	tbnz	w8, #0x0, 0x100002ba4
0000000100002b80	b	0x100002b84
0000000100002b84	ldr	w8, [sp, #0x58]
0000000100002b88	adrp	x9, 42 ; 0x10002c000
0000000100002b8c	ldr	w9, [x9, #0x828]
0000000100002b90	add	w9, w9, #0x1
0000000100002b94	subs	w8, w8, w9
0000000100002b98	cset	w8, lt
0000000100002b9c	str	w8, [sp, #0x2c]
0000000100002ba0	b	0x100002ba4
0000000100002ba4	ldr	w8, [sp, #0x2c]
0000000100002ba8	tbnz	w8, #0x0, 0x100002b1c
0000000100002bac	b	0x100002bb0
0000000100002bb0	ldr	w8, [sp, #0x54]
0000000100002bb4	subs	w8, w8, #0x0
0000000100002bb8	cset	w8, eq
0000000100002bbc	tbnz	w8, #0x0, 0x100002c40
0000000100002bc0	b	0x100002bc4
0000000100002bc4	ldr	w8, [sp, #0x58]
0000000100002bc8	adrp	x9, 42 ; 0x10002c000
0000000100002bcc	ldr	w9, [x9, #0x828]
0000000100002bd0	subs	w8, w8, w9
0000000100002bd4	cset	w8, gt
0000000100002bd8	tbnz	w8, #0x0, 0x100002c40
0000000100002bdc	b	0x100002be0
0000000100002be0	ldur	x8, [x29, #-0x28]
0000000100002be4	ldur	x9, [x29, #-0x30]
0000000100002be8	ldr	w10, [sp, #0x58]
0000000100002bec	subs	w10, w10, #0x1
0000000100002bf0	ldrsw	x9, [x9, w10, sxtw #2]
0000000100002bf4	ldr	x8, [x8, x9, lsl #3]
0000000100002bf8	ldr	x9, [sp, #0x60]
0000000100002bfc	ldursw	x10, [x29, #-0x58]
0000000100002c00	str	x8, [x9, x10, lsl #3]
0000000100002c04	ldr	x8, [sp, #0x60]
0000000100002c08	ldursw	x9, [x29, #-0x58]
0000000100002c0c	ldr	x0, [x8, x9, lsl #3]
0000000100002c10	bl	_list_length
0000000100002c14	ldur	w8, [x29, #-0x3c]
0000000100002c18	add	w8, w8, w0
0000000100002c1c	stur	w8, [x29, #-0x3c]
0000000100002c20	ldur	x8, [x29, #-0x10]
0000000100002c24	ldr	x0, [x8]
0000000100002c28	bl	_list_length
0000000100002c2c	stur	w0, [x29, #-0x38]
0000000100002c30	ldur	w8, [x29, #-0x58]
0000000100002c34	add	w8, w8, #0x1
0000000100002c38	stur	w8, [x29, #-0x58]
0000000100002c3c	b	0x100002cf8
0000000100002c40	ldur	w8, [x29, #-0x58]
0000000100002c44	subs	w8, w8, #0x0
0000000100002c48	cset	w8, le
0000000100002c4c	tbnz	w8, #0x0, 0x100002cd4
0000000100002c50	b	0x100002c54
0000000100002c54	ldur	x0, [x29, #-0x10]
0000000100002c58	ldur	x8, [x29, #-0x28]
0000000100002c5c	ldur	x9, [x29, #-0x30]
0000000100002c60	ldr	w10, [sp, #0x58]
0000000100002c64	subs	w10, w10, #0x1
0000000100002c68	ldrsw	x9, [x9, w10, sxtw #2]
0000000100002c6c	ldr	x1, [x8, x9, lsl #3]
0000000100002c70	bl	_list_concat
0000000100002c74	ldur	w8, [x29, #-0x58]
0000000100002c78	subs	w8, w8, #0x1
0000000100002c7c	stur	w8, [x29, #-0x58]
0000000100002c80	ldr	x8, [sp, #0x60]
0000000100002c84	ldursw	x9, [x29, #-0x58]
0000000100002c88	ldr	x0, [x8, x9, lsl #3]
0000000100002c8c	bl	_list_length
0000000100002c90	ldur	w8, [x29, #-0x3c]
0000000100002c94	subs	w8, w8, w0
0000000100002c98	stur	w8, [x29, #-0x3c]
0000000100002c9c	ldur	x0, [x29, #-0x10]
0000000100002ca0	ldr	x8, [sp, #0x60]
0000000100002ca4	ldursw	x9, [x29, #-0x58]
0000000100002ca8	ldr	x1, [x8, x9, lsl #3]
0000000100002cac	bl	_list_concat
0000000100002cb0	ldr	x9, [sp, #0x60]
0000000100002cb4	ldursw	x10, [x29, #-0x58]
0000000100002cb8	mov	x8, #0x0
0000000100002cbc	str	x8, [x9, x10, lsl #3]
0000000100002cc0	ldur	x8, [x29, #-0x10]
0000000100002cc4	ldr	x0, [x8]
0000000100002cc8	bl	_list_length
0000000100002ccc	stur	w0, [x29, #-0x38]
0000000100002cd0	b	0x100002d00
0000000100002cd4	ldur	x0, [x29, #-0x10]
0000000100002cd8	ldur	x8, [x29, #-0x28]
0000000100002cdc	ldur	x9, [x29, #-0x30]
0000000100002ce0	ldr	w10, [sp, #0x58]
0000000100002ce4	subs	w10, w10, #0x1
0000000100002ce8	ldrsw	x9, [x9, w10, sxtw #2]
0000000100002cec	ldr	x1, [x8, x9, lsl #3]
0000000100002cf0	bl	_list_concat
0000000100002cf4	b	0x100002cfc
0000000100002cf8	b	0x100002ad8
0000000100002cfc	b	0x100002d48
0000000100002d00	b	0x100002d04
0000000100002d04	ldur	w8, [x29, #-0x58]
0000000100002d08	subs	w8, w8, #0x0
0000000100002d0c	cset	w8, le
0000000100002d10	mov	w9, #0x0
0000000100002d14	str	w9, [sp, #0x28]
0000000100002d18	tbnz	w8, #0x0, 0x100002d3c
0000000100002d1c	b	0x100002d20
0000000100002d20	ldr	w8, [sp, #0x5c]
0000000100002d24	add	w9, w8, #0x1
0000000100002d28	str	w9, [sp, #0x5c]
0000000100002d2c	subs	w8, w8, #0x32
0000000100002d30	cset	w8, lt
0000000100002d34	str	w8, [sp, #0x28]
0000000100002d38	b	0x100002d3c
0000000100002d3c	ldr	w8, [sp, #0x28]
0000000100002d40	tbnz	w8, #0x0, 0x100002a6c
0000000100002d44	b	0x100002d48
0000000100002d48	stur	wzr, [x29, #-0x34]
0000000100002d4c	b	0x100002d50
0000000100002d50	ldur	w8, [x29, #-0x34]
0000000100002d54	ldur	w9, [x29, #-0x54]
0000000100002d58	subs	w8, w8, w9, lsl #1
0000000100002d5c	cset	w8, ge
0000000100002d60	tbnz	w8, #0x0, 0x100002d90
0000000100002d64	b	0x100002d68
0000000100002d68	ldur	x0, [x29, #-0x18]
0000000100002d6c	ldr	x8, [sp, #0x60]
0000000100002d70	ldursw	x9, [x29, #-0x34]
0000000100002d74	ldr	x1, [x8, x9, lsl #3]
0000000100002d78	bl	_list_concat
0000000100002d7c	b	0x100002d80
0000000100002d80	ldur	w8, [x29, #-0x34]
0000000100002d84	add	w8, w8, #0x1
0000000100002d88	stur	w8, [x29, #-0x34]
0000000100002d8c	b	0x100002d50
0000000100002d90	ldur	x0, [x29, #-0x28]
0000000100002d94	bl	0x100003da8 ; symbol stub for: _free
0000000100002d98	ldur	x0, [x29, #-0x30]
0000000100002d9c	bl	0x100003da8 ; symbol stub for: _free
0000000100002da0	ldr	x0, [sp, #0x60]
0000000100002da4	bl	0x100003da8 ; symbol stub for: _free
0000000100002da8	str	wzr, [sp, #0x50]
0000000100002dac	ldur	x8, [x29, #-0x10]
0000000100002db0	ldr	x0, [x8]
0000000100002db4	ldur	x1, [x29, #-0x20]
0000000100002db8	mov	w2, #0x32
0000000100002dbc	bl	_tests_avg
0000000100002dc0	str	w0, [sp, #0x50]
0000000100002dc4	ldr	w8, [sp, #0x50]
0000000100002dc8	subs	w8, w8, #0x0
0000000100002dcc	cset	w8, eq
0000000100002dd0	tbnz	w8, #0x0, 0x100002e04
0000000100002dd4	b	0x100002dd8
0000000100002dd8	ldur	w8, [x29, #-0x38]
0000000100002ddc	adrp	x9, 42 ; 0x10002c000
0000000100002de0	ldr	w9, [x9, #0x828]
0000000100002de4	subs	w8, w8, w9
0000000100002de8	cset	w8, le
0000000100002dec	tbnz	w8, #0x0, 0x100002e00
0000000100002df0	b	0x100002df4
0000000100002df4	mov	w8, #0x1
0000000100002df8	stur	w8, [x29, #-0x4]
0000000100002dfc	b	0x100002e18
0000000100002e00	b	0x100002e10
0000000100002e04	mov	w8, #0x1
0000000100002e08	stur	w8, [x29, #-0x4]
0000000100002e0c	b	0x100002e18
0000000100002e10	stur	wzr, [x29, #-0x4]
0000000100002e14	b	0x100002e18
0000000100002e18	ldur	w0, [x29, #-0x4]
0000000100002e1c	ldp	x29, x30, [sp, #0xc0]
0000000100002e20	add	sp, sp, #0xd0
0000000100002e24	ret
_cache_remove:
0000000100002e28	sub	sp, sp, #0x20
0000000100002e2c	stp	x29, x30, [sp, #0x10]
0000000100002e30	add	x29, sp, #0x10
0000000100002e34	str	x0, [sp, #0x8]
0000000100002e38	ldr	x8, [sp, #0x8]
0000000100002e3c	str	w8, [sp, #0x4]
0000000100002e40	adrp	x8, 42 ; 0x10002c000
0000000100002e44	ldr	x8, [x8, #0x840]
0000000100002e48	adrp	x9, 42 ; 0x10002c000
0000000100002e4c	ldr	x9, [x9, #0x818]
0000000100002e50	ldr	w10, [sp, #0x4]
0000000100002e54	ldr	x0, [x9, x10, lsl #3]
0000000100002e58	blr	x8
0000000100002e5c	ldp	x29, x30, [sp, #0x10]
0000000100002e60	add	sp, sp, #0x20
0000000100002e64	ret
_probe_cache_miss:
0000000100002e68	sub	sp, sp, #0x50
0000000100002e6c	stp	x29, x30, [sp, #0x40]
0000000100002e70	add	x29, sp, #0x40
0000000100002e74	str	xzr, [sp, #0x20]
0000000100002e78	b	0x100002e7c
0000000100002e7c	mov	x0, #0x190000
0000000100002e80	bl	0x100003dc0 ; symbol stub for: _malloc
0000000100002e84	str	x0, [sp, #0x18]
0000000100002e88	bl	0x100003e08 ; symbol stub for: _rand
0000000100002e8c	mov	w9, #0x63
0000000100002e90	sdiv	w8, w0, w9
0000000100002e94	mul	w8, w8, w9
0000000100002e98	subs	w8, w0, w8
0000000100002e9c	str	w8, [sp, #0x14]
0000000100002ea0	ldr	x8, [sp, #0x18]
0000000100002ea4	ldr	w9, [sp, #0x14]
0000000100002ea8	lsl	w9, w9, #14
0000000100002eac	add	x8, x8, w9, sxtw
0000000100002eb0	str	x8, [sp]
0000000100002eb4	bl	0x100003e08 ; symbol stub for: _rand
0000000100002eb8	ldr	x8, [sp]
0000000100002ebc	mov	w10, #0x2000
0000000100002ec0	sdiv	w9, w0, w10
0000000100002ec4	mul	w9, w9, w10
0000000100002ec8	subs	w9, w0, w9
0000000100002ecc	add	x8, x8, w9, sxtw
0000000100002ed0	ldr	x10, [x8]
0000000100002ed4	ldr	x8, [sp, #0x18]
0000000100002ed8	ldr	w9, [sp, #0x14]
0000000100002edc	lsl	w9, w9, #14
0000000100002ee0	add	x8, x8, w9, sxtw
0000000100002ee4	add	x8, x8, #0x2, lsl #12
0000000100002ee8	str	x8, [sp, #0x8]
0000000100002eec	bl	0x100003e08 ; symbol stub for: _rand
0000000100002ef0	ldr	x8, [sp, #0x8]
0000000100002ef4	mov	w10, #0x4000
0000000100002ef8	sdiv	w9, w0, w10
0000000100002efc	mul	w9, w9, w10
0000000100002f00	subs	w9, w0, w9
0000000100002f04	mov	w10, #0x2
0000000100002f08	sdiv	w9, w9, w10
0000000100002f0c	add	x8, x8, w9, sxtw
0000000100002f10	stur	x8, [x29, #-0x8]
0000000100002f14	dmb	sy
0000000100002f18	isb
0000000100002f1c	adrp	x8, 42 ; 0x10002c000
0000000100002f20	add	x8, x8, #0x858
0000000100002f24	ldr	x9, [x8]
0000000100002f28	stur	x9, [x29, #-0x10]
0000000100002f2c	dmb	sy
0000000100002f30	isb
0000000100002f34	ldur	x9, [x29, #-0x8]
0000000100002f38	ldr	x10, [x9]
0000000100002f3c	dmb	sy
0000000100002f40	isb
0000000100002f44	ldr	x8, [x8]
0000000100002f48	stur	x8, [x29, #-0x18]
0000000100002f4c	dmb	sy
0000000100002f50	isb
0000000100002f54	ldur	x8, [x29, #-0x18]
0000000100002f58	ldur	x9, [x29, #-0x10]
0000000100002f5c	subs	x8, x8, x9
0000000100002f60	str	x8, [sp, #0x20]
0000000100002f64	ldr	x0, [sp, #0x18]
0000000100002f68	bl	0x100003da8 ; symbol stub for: _free
0000000100002f6c	b	0x100002f70
0000000100002f70	ldr	x8, [sp, #0x20]
0000000100002f74	subs	x8, x8, #0x0
0000000100002f78	cset	w8, eq
0000000100002f7c	tbnz	w8, #0x0, 0x100002e7c
0000000100002f80	b	0x100002f84
0000000100002f84	ldr	x0, [sp, #0x20]
0000000100002f88	ldp	x29, x30, [sp, #0x40]
0000000100002f8c	add	sp, sp, #0x50
0000000100002f90	ret
_probe_cache_hit:
0000000100002f94	sub	sp, sp, #0x40
0000000100002f98	stp	x29, x30, [sp, #0x30]
0000000100002f9c	add	x29, sp, #0x30
0000000100002fa0	str	xzr, [sp, #0x10]
0000000100002fa4	b	0x100002fa8
0000000100002fa8	mov	x0, #0x4000
0000000100002fac	bl	0x100003dc0 ; symbol stub for: _malloc
0000000100002fb0	str	x0, [sp, #0x8]
0000000100002fb4	ldr	x8, [sp, #0x8]
0000000100002fb8	add	x8, x8, #0x400
0000000100002fbc	ldr	x10, [x8]
0000000100002fc0	ldr	x8, [sp, #0x8]
0000000100002fc4	add	x8, x8, #0x400
0000000100002fc8	stur	x8, [x29, #-0x8]
0000000100002fcc	dmb	sy
0000000100002fd0	isb
0000000100002fd4	adrp	x8, 42 ; 0x10002c000
0000000100002fd8	add	x8, x8, #0x858
0000000100002fdc	ldr	x9, [x8]
0000000100002fe0	stur	x9, [x29, #-0x10]
0000000100002fe4	dmb	sy
0000000100002fe8	isb
0000000100002fec	ldur	x9, [x29, #-0x8]
0000000100002ff0	ldr	x10, [x9]
0000000100002ff4	dmb	sy
0000000100002ff8	isb
0000000100002ffc	ldr	x8, [x8]
0000000100003000	str	x8, [sp, #0x18]
0000000100003004	dmb	sy
0000000100003008	isb
000000010000300c	ldr	x8, [sp, #0x18]
0000000100003010	ldur	x9, [x29, #-0x10]
0000000100003014	subs	x8, x8, x9
0000000100003018	str	x8, [sp, #0x10]
000000010000301c	ldr	x0, [sp, #0x8]
0000000100003020	bl	0x100003da8 ; symbol stub for: _free
0000000100003024	b	0x100003028
0000000100003028	ldr	x8, [sp, #0x10]
000000010000302c	subs	x8, x8, #0x0
0000000100003030	cset	w8, eq
0000000100003034	tbnz	w8, #0x0, 0x100002fa8
0000000100003038	b	0x10000303c
000000010000303c	ldr	x0, [sp, #0x10]
0000000100003040	ldp	x29, x30, [sp, #0x30]
0000000100003044	add	sp, sp, #0x40
0000000100003048	ret
_find_threshold:
000000010000304c	sub	sp, sp, #0x50
0000000100003050	stp	x29, x30, [sp, #0x40]
0000000100003054	add	x29, sp, #0x40
0000000100003058	stur	xzr, [x29, #-0x8]
000000010000305c	stur	xzr, [x29, #-0x10]
0000000100003060	stur	wzr, [x29, #-0x14]
0000000100003064	b	0x100003068
0000000100003068	ldur	w8, [x29, #-0x14]
000000010000306c	subs	w8, w8, #0x3e8
0000000100003070	cset	w8, ge
0000000100003074	tbnz	w8, #0x0, 0x1000030a0
0000000100003078	b	0x10000307c
000000010000307c	bl	_probe_cache_miss
0000000100003080	ldur	x8, [x29, #-0x8]
0000000100003084	add	x8, x8, x0
0000000100003088	stur	x8, [x29, #-0x8]
000000010000308c	b	0x100003090
0000000100003090	ldur	w8, [x29, #-0x14]
0000000100003094	add	w8, w8, #0x1
0000000100003098	stur	w8, [x29, #-0x14]
000000010000309c	b	0x100003068
00000001000030a0	stur	wzr, [x29, #-0x18]
00000001000030a4	b	0x1000030a8
00000001000030a8	ldur	w8, [x29, #-0x18]
00000001000030ac	subs	w8, w8, #0x3e8
00000001000030b0	cset	w8, ge
00000001000030b4	tbnz	w8, #0x0, 0x1000030e0
00000001000030b8	b	0x1000030bc
00000001000030bc	bl	_probe_cache_hit
00000001000030c0	ldur	x8, [x29, #-0x10]
00000001000030c4	add	x8, x8, x0
00000001000030c8	stur	x8, [x29, #-0x10]
00000001000030cc	b	0x1000030d0
00000001000030d0	ldur	w8, [x29, #-0x18]
00000001000030d4	add	w8, w8, #0x1
00000001000030d8	stur	w8, [x29, #-0x18]
00000001000030dc	b	0x1000030a8
00000001000030e0	ldur	x8, [x29, #-0x8]
00000001000030e4	mov	x9, #0x3e8
00000001000030e8	udiv	x11, x8, x9
00000001000030ec	ldur	x8, [x29, #-0x10]
00000001000030f0	udiv	x10, x8, x9
00000001000030f4	ldur	x9, [x29, #-0x8]
00000001000030f8	mov	x8, #0x3
00000001000030fc	str	x8, [sp, #0x18]
0000000100003100	mul	x8, x8, x9
0000000100003104	ldur	x9, [x29, #-0x10]
0000000100003108	add	x8, x8, x9
000000010000310c	mov	x9, #0xfa0
0000000100003110	str	x9, [sp, #0x20]
0000000100003114	udiv	x8, x8, x9
0000000100003118	mov	x9, sp
000000010000311c	str	x11, [x9]
0000000100003120	str	x10, [x9, #0x8]
0000000100003124	str	x8, [x9, #0x10]
0000000100003128	adrp	x0, 0 ; 0x100003000
000000010000312c	add	x0, x0, #0xeaf ; literal pool for: "miss: %llu, hit: %llu, threshold: %llu\n"
0000000100003130	bl	0x100003de4 ; symbol stub for: _printf
0000000100003134	ldr	x8, [sp, #0x18]
0000000100003138	ldr	x9, [sp, #0x20]
000000010000313c	ldur	x10, [x29, #-0x8]
0000000100003140	mul	x8, x8, x10
0000000100003144	ldur	x10, [x29, #-0x10]
0000000100003148	add	x8, x8, x10
000000010000314c	udiv	x0, x8, x9
0000000100003150	ldp	x29, x30, [sp, #0x40]
0000000100003154	add	sp, sp, #0x50
0000000100003158	ret
_cache_remove_prepare:
000000010000315c	sub	sp, sp, #0x80
0000000100003160	stp	x29, x30, [sp, #0x70]
0000000100003164	add	x29, sp, #0x70
0000000100003168	stur	x0, [x29, #-0x28]
000000010000316c	adrp	x8, 6 ; 0x100009000
0000000100003170	ldr	x8, [x8, #0x808]
0000000100003174	subs	x8, x8, #0x40
0000000100003178	cset	w8, hs
000000010000317c	tbnz	w8, #0x0, 0x100003194
0000000100003180	b	0x100003184
0000000100003184	adrp	x0, 0 ; 0x100003000
0000000100003188	add	x0, x0, #0xed7 ; literal pool for: "ERROR: Entries are bigger than cache line!\n"
000000010000318c	bl	0x100003de4 ; symbol stub for: _printf
0000000100003190	b	0x100003194
0000000100003194	adrp	x8, 41 ; 0x10002c000
0000000100003198	ldr	x8, [x8, #0x818]
000000010000319c	subs	x8, x8, #0x0
00000001000031a0	cset	w8, ne
00000001000031a4	tbnz	w8, #0x0, 0x1000031cc
00000001000031a8	b	0x1000031ac
00000001000031ac	adrp	x0, 0 ; 0x100003000
00000001000031b0	add	x0, x0, #0x3b0
00000001000031b4	mov	w1, #0x20
00000001000031b8	mov	w2, #0x4000
00000001000031bc	mov	w3, #0x2000000
00000001000031c0	mov	w4, #0xdc
00000001000031c4	bl	_evset_init
00000001000031c8	b	0x1000031cc
00000001000031cc	bl	_timer_start
00000001000031d0	str	xzr, [sp, #0x38]
00000001000031d4	b	0x1000031d8
00000001000031d8	ldr	x8, [sp, #0x38]
00000001000031dc	adrp	x9, 41 ; 0x10002c000
00000001000031e0	ldrsw	x9, [x9, #0x82c]
00000001000031e4	subs	x8, x8, x9
00000001000031e8	cset	w8, hs
00000001000031ec	tbnz	w8, #0x0, 0x1000032d8
00000001000031f0	b	0x1000031f4
00000001000031f4	ldur	x8, [x29, #-0x28]
00000001000031f8	ldr	x10, [x8]
00000001000031fc	ldur	x8, [x29, #-0x28]
0000000100003200	ldr	x10, [x8]
0000000100003204	dmb	sy
0000000100003208	isb
000000010000320c	adrp	x8, 41 ; 0x10002c000
0000000100003210	str	x8, [sp, #0x20]
0000000100003214	ldr	x8, [x8, #0x840]
0000000100003218	adrp	x9, 41 ; 0x10002c000
000000010000321c	str	x9, [sp, #0x28]
0000000100003220	ldr	x9, [x9, #0x818]
0000000100003224	ldr	x10, [sp, #0x38]
0000000100003228	ldr	x0, [x9, x10, lsl #3]
000000010000322c	blr	x8
0000000100003230	ldr	x8, [sp, #0x20]
0000000100003234	ldr	x9, [sp, #0x28]
0000000100003238	ldr	x8, [x8, #0x840]
000000010000323c	ldr	x9, [x9, #0x818]
0000000100003240	ldr	x10, [sp, #0x38]
0000000100003244	ldr	x0, [x9, x10, lsl #3]
0000000100003248	blr	x8
000000010000324c	ldur	x8, [x29, #-0x28]
0000000100003250	stur	x8, [x29, #-0x8]
0000000100003254	dmb	sy
0000000100003258	isb
000000010000325c	adrp	x8, 41 ; 0x10002c000
0000000100003260	add	x8, x8, #0x858
0000000100003264	ldr	x9, [x8]
0000000100003268	stur	x9, [x29, #-0x10]
000000010000326c	dmb	sy
0000000100003270	isb
0000000100003274	ldur	x9, [x29, #-0x8]
0000000100003278	ldr	x10, [x9]
000000010000327c	dmb	sy
0000000100003280	isb
0000000100003284	ldr	x8, [x8]
0000000100003288	stur	x8, [x29, #-0x18]
000000010000328c	dmb	sy
0000000100003290	isb
0000000100003294	ldur	x8, [x29, #-0x18]
0000000100003298	ldur	x9, [x29, #-0x10]
000000010000329c	subs	x8, x8, x9
00000001000032a0	adrp	x9, 41 ; 0x10002c000
00000001000032a4	ldr	x9, [x9, #0x810]
00000001000032a8	subs	x8, x8, x9
00000001000032ac	cset	w8, ls
00000001000032b0	tbnz	w8, #0x0, 0x1000032c4
00000001000032b4	b	0x1000032b8
00000001000032b8	ldr	x8, [sp, #0x38]
00000001000032bc	stur	x8, [x29, #-0x20]
00000001000032c0	b	0x1000033a0
00000001000032c4	b	0x1000032c8
00000001000032c8	ldr	x8, [sp, #0x38]
00000001000032cc	add	x8, x8, #0x1
00000001000032d0	str	x8, [sp, #0x38]
00000001000032d4	b	0x1000031d8
00000001000032d8	adrp	x8, 41 ; 0x10002c000
00000001000032dc	ldrsw	x9, [x8, #0x82c]
00000001000032e0	mov	x10, x9
00000001000032e4	add	w10, w10, #0x1
00000001000032e8	str	w10, [x8, #0x82c]
00000001000032ec	str	x9, [sp, #0x30]
00000001000032f0	ldr	w8, [x8, #0x82c]
00000001000032f4	mov	w10, #0x8
00000001000032f8	sdiv	w9, w8, w10
00000001000032fc	mul	w9, w9, w10
0000000100003300	subs	w8, w8, w9
0000000100003304	subs	w8, w8, #0x1
0000000100003308	cset	w8, ne
000000010000330c	tbnz	w8, #0x0, 0x100003388
0000000100003310	b	0x100003314
0000000100003314	adrp	x8, 41 ; 0x10002c000
0000000100003318	str	x8, [sp]
000000010000331c	ldr	x0, [x8, #0x818]
0000000100003320	adrp	x8, 41 ; 0x10002c000
0000000100003324	str	x8, [sp, #0x8]
0000000100003328	ldr	w8, [x8, #0x82c]
000000010000332c	add	w9, w8, #0x8
0000000100003330	mov	x8, x9
0000000100003334	sxtw	x9, w8
0000000100003338	mov	x8, #0x8
000000010000333c	str	x8, [sp, #0x10]
0000000100003340	mul	x1, x8, x9
0000000100003344	bl	0x100003e14 ; symbol stub for: _realloc
0000000100003348	ldr	x10, [sp]
000000010000334c	ldr	x9, [sp, #0x8]
0000000100003350	ldr	x8, [sp, #0x10]
0000000100003354	str	x0, [x10, #0x818]
0000000100003358	adrp	x10, 41 ; 0x10002c000
000000010000335c	str	x10, [sp, #0x18]
0000000100003360	ldr	x0, [x10, #0x820]
0000000100003364	ldr	w9, [x9, #0x82c]
0000000100003368	add	w10, w9, #0x8
000000010000336c	mov	x9, x10
0000000100003370	sxtw	x9, w9
0000000100003374	mul	x1, x8, x9
0000000100003378	bl	0x100003e14 ; symbol stub for: _realloc
000000010000337c	ldr	x8, [sp, #0x18]
0000000100003380	str	x0, [x8, #0x820]
0000000100003384	b	0x100003388
0000000100003388	ldur	x0, [x29, #-0x28]
000000010000338c	bl	_evset_find
0000000100003390	bl	_timer_stop
0000000100003394	ldr	x8, [sp, #0x30]
0000000100003398	stur	x8, [x29, #-0x20]
000000010000339c	b	0x1000033a0
00000001000033a0	ldur	x0, [x29, #-0x20]
00000001000033a4	ldp	x29, x30, [sp, #0x70]
00000001000033a8	add	sp, sp, #0x80
00000001000033ac	ret
_traverse_list_skylake:
00000001000033b0	sub	sp, sp, #0x20
00000001000033b4	str	x0, [sp, #0x18]
00000001000033b8	ldr	x8, [sp, #0x18]
00000001000033bc	str	x8, [sp, #0x10]
00000001000033c0	b	0x1000033c4
00000001000033c4	ldr	x8, [sp, #0x10]
00000001000033c8	subs	x8, x8, #0x0
00000001000033cc	cset	w8, eq
00000001000033d0	mov	w9, #0x0
00000001000033d4	str	w9, [sp, #0xc]
00000001000033d8	tbnz	w8, #0x0, 0x10000341c
00000001000033dc	b	0x1000033e0
00000001000033e0	ldr	x8, [sp, #0x10]
00000001000033e4	ldr	x8, [x8]
00000001000033e8	subs	x8, x8, #0x0
00000001000033ec	cset	w8, eq
00000001000033f0	mov	w9, #0x0
00000001000033f4	str	w9, [sp, #0xc]
00000001000033f8	tbnz	w8, #0x0, 0x10000341c
00000001000033fc	b	0x100003400
0000000100003400	ldr	x8, [sp, #0x10]
0000000100003404	ldr	x8, [x8]
0000000100003408	ldr	x8, [x8]
000000010000340c	subs	x8, x8, #0x0
0000000100003410	cset	w8, ne
0000000100003414	str	w8, [sp, #0xc]
0000000100003418	b	0x10000341c
000000010000341c	ldr	w8, [sp, #0xc]
0000000100003420	tbz	w8, #0x0, 0x100003480
0000000100003424	b	0x100003428
0000000100003428	ldr	x8, [sp, #0x10]
000000010000342c	ldr	x10, [x8]
0000000100003430	ldr	x8, [sp, #0x10]
0000000100003434	ldr	x8, [x8]
0000000100003438	ldr	x10, [x8]
000000010000343c	ldr	x8, [sp, #0x10]
0000000100003440	ldr	x8, [x8]
0000000100003444	ldr	x8, [x8]
0000000100003448	ldr	x10, [x8]
000000010000344c	ldr	x8, [sp, #0x10]
0000000100003450	ldr	x10, [x8]
0000000100003454	ldr	x8, [sp, #0x10]
0000000100003458	ldr	x8, [x8]
000000010000345c	ldr	x10, [x8]
0000000100003460	ldr	x8, [sp, #0x10]
0000000100003464	ldr	x8, [x8]
0000000100003468	ldr	x8, [x8]
000000010000346c	ldr	x10, [x8]
0000000100003470	ldr	x8, [sp, #0x10]
0000000100003474	ldr	x8, [x8]
0000000100003478	str	x8, [sp, #0x10]
000000010000347c	b	0x1000033c4
0000000100003480	add	sp, sp, #0x20
0000000100003484	ret
_list_length:
0000000100003488	sub	sp, sp, #0x10
000000010000348c	str	x0, [sp, #0x8]
0000000100003490	str	wzr, [sp, #0x4]
0000000100003494	b	0x100003498
0000000100003498	ldr	x8, [sp, #0x8]
000000010000349c	subs	x8, x8, #0x0
00000001000034a0	cset	w8, eq
00000001000034a4	tbnz	w8, #0x0, 0x1000034c8
00000001000034a8	b	0x1000034ac
00000001000034ac	ldr	w8, [sp, #0x4]
00000001000034b0	add	w8, w8, #0x1
00000001000034b4	str	w8, [sp, #0x4]
00000001000034b8	ldr	x8, [sp, #0x8]
00000001000034bc	ldr	x8, [x8]
00000001000034c0	str	x8, [sp, #0x8]
00000001000034c4	b	0x100003498
00000001000034c8	ldr	w0, [sp, #0x4]
00000001000034cc	add	sp, sp, #0x10
00000001000034d0	ret
_list_concat:
00000001000034d4	sub	sp, sp, #0x20
00000001000034d8	str	x0, [sp, #0x18]
00000001000034dc	str	x1, [sp, #0x10]
00000001000034e0	ldr	x8, [sp, #0x18]
00000001000034e4	subs	x8, x8, #0x0
00000001000034e8	cset	w8, eq
00000001000034ec	tbnz	w8, #0x0, 0x100003504
00000001000034f0	b	0x1000034f4
00000001000034f4	ldr	x8, [sp, #0x18]
00000001000034f8	ldr	x8, [x8]
00000001000034fc	str	x8, [sp]
0000000100003500	b	0x100003510
0000000100003504	mov	x8, #0x0
0000000100003508	str	x8, [sp]
000000010000350c	b	0x100003510
0000000100003510	ldr	x8, [sp]
0000000100003514	str	x8, [sp, #0x8]
0000000100003518	ldr	x8, [sp, #0x8]
000000010000351c	subs	x8, x8, #0x0
0000000100003520	cset	w8, ne
0000000100003524	tbnz	w8, #0x0, 0x10000353c
0000000100003528	b	0x10000352c
000000010000352c	ldr	x8, [sp, #0x10]
0000000100003530	ldr	x9, [sp, #0x18]
0000000100003534	str	x8, [x9]
0000000100003538	b	0x100003598
000000010000353c	b	0x100003540
0000000100003540	ldr	x8, [sp, #0x8]
0000000100003544	ldr	x8, [x8]
0000000100003548	subs	x8, x8, #0x0
000000010000354c	cset	w8, eq
0000000100003550	tbnz	w8, #0x0, 0x100003568
0000000100003554	b	0x100003558
0000000100003558	ldr	x8, [sp, #0x8]
000000010000355c	ldr	x8, [x8]
0000000100003560	str	x8, [sp, #0x8]
0000000100003564	b	0x100003540
0000000100003568	ldr	x8, [sp, #0x10]
000000010000356c	ldr	x9, [sp, #0x8]
0000000100003570	str	x8, [x9]
0000000100003574	ldr	x8, [sp, #0x10]
0000000100003578	subs	x8, x8, #0x0
000000010000357c	cset	w8, eq
0000000100003580	tbnz	w8, #0x0, 0x100003598
0000000100003584	b	0x100003588
0000000100003588	ldr	x8, [sp, #0x8]
000000010000358c	ldr	x9, [sp, #0x10]
0000000100003590	str	x8, [x9, #0x8]
0000000100003594	b	0x100003598
0000000100003598	add	sp, sp, #0x20
000000010000359c	ret
_list_split:
00000001000035a0	sub	sp, sp, #0x40
00000001000035a4	stp	x29, x30, [sp, #0x30]
00000001000035a8	add	x29, sp, #0x30
00000001000035ac	stur	x0, [x29, #-0x8]
00000001000035b0	stur	x1, [x29, #-0x10]
00000001000035b4	stur	w2, [x29, #-0x14]
00000001000035b8	ldur	x8, [x29, #-0x8]
00000001000035bc	subs	x8, x8, #0x0
00000001000035c0	cset	w8, ne
00000001000035c4	tbnz	w8, #0x0, 0x1000035d0
00000001000035c8	b	0x1000035cc
00000001000035cc	b	0x100003740
00000001000035d0	ldur	x0, [x29, #-0x8]
00000001000035d4	bl	_list_length
00000001000035d8	str	w0, [sp, #0x18]
00000001000035dc	ldr	w8, [sp, #0x18]
00000001000035e0	ldur	w9, [x29, #-0x14]
00000001000035e4	sdiv	w8, w8, w9
00000001000035e8	str	w8, [sp, #0x14]
00000001000035ec	str	wzr, [sp, #0x10]
00000001000035f0	str	wzr, [sp, #0xc]
00000001000035f4	b	0x1000035f8
00000001000035f8	ldr	w8, [sp, #0xc]
00000001000035fc	ldur	w9, [x29, #-0x14]
0000000100003600	subs	w8, w8, w9
0000000100003604	cset	w8, ge
0000000100003608	tbnz	w8, #0x0, 0x100003740
000000010000360c	b	0x100003610
0000000100003610	str	wzr, [sp, #0x10]
0000000100003614	ldur	x8, [x29, #-0x8]
0000000100003618	ldur	x9, [x29, #-0x10]
000000010000361c	ldrsw	x10, [sp, #0xc]
0000000100003620	str	x8, [x9, x10, lsl #3]
0000000100003624	ldur	x8, [x29, #-0x8]
0000000100003628	subs	x8, x8, #0x0
000000010000362c	cset	w8, eq
0000000100003630	tbnz	w8, #0x0, 0x100003644
0000000100003634	b	0x100003638
0000000100003638	ldur	x8, [x29, #-0x8]
000000010000363c	str	xzr, [x8, #0x8]
0000000100003640	b	0x100003644
0000000100003644	b	0x100003648
0000000100003648	ldur	x8, [x29, #-0x8]
000000010000364c	subs	x8, x8, #0x0
0000000100003650	cset	w8, eq
0000000100003654	mov	w9, #0x0
0000000100003658	str	w9, [sp, #0x8]
000000010000365c	tbnz	w8, #0x0, 0x1000036b4
0000000100003660	b	0x100003664
0000000100003664	ldr	w8, [sp, #0x10]
0000000100003668	add	w8, w8, #0x1
000000010000366c	str	w8, [sp, #0x10]
0000000100003670	ldr	w9, [sp, #0x14]
0000000100003674	subs	w8, w8, w9
0000000100003678	cset	w8, lt
000000010000367c	mov	w9, #0x1
0000000100003680	str	w9, [sp, #0x4]
0000000100003684	tbnz	w8, #0x0, 0x1000036a8
0000000100003688	b	0x10000368c
000000010000368c	ldr	w8, [sp, #0xc]
0000000100003690	ldur	w9, [x29, #-0x14]
0000000100003694	subs	w9, w9, #0x1
0000000100003698	subs	w8, w8, w9
000000010000369c	cset	w8, eq
00000001000036a0	str	w8, [sp, #0x4]
00000001000036a4	b	0x1000036a8
00000001000036a8	ldr	w8, [sp, #0x4]
00000001000036ac	str	w8, [sp, #0x8]
00000001000036b0	b	0x1000036b4
00000001000036b4	ldr	w8, [sp, #0x8]
00000001000036b8	tbz	w8, #0x0, 0x1000036d0
00000001000036bc	b	0x1000036c0
00000001000036c0	ldur	x8, [x29, #-0x8]
00000001000036c4	ldr	x8, [x8]
00000001000036c8	stur	x8, [x29, #-0x8]
00000001000036cc	b	0x100003648
00000001000036d0	ldur	x8, [x29, #-0x8]
00000001000036d4	subs	x8, x8, #0x0
00000001000036d8	cset	w8, eq
00000001000036dc	tbnz	w8, #0x0, 0x100003730
00000001000036e0	b	0x1000036e4
00000001000036e4	ldur	x8, [x29, #-0x8]
00000001000036e8	ldr	x8, [x8]
00000001000036ec	stur	x8, [x29, #-0x8]
00000001000036f0	ldur	x8, [x29, #-0x8]
00000001000036f4	subs	x8, x8, #0x0
00000001000036f8	cset	w8, eq
00000001000036fc	tbnz	w8, #0x0, 0x10000372c
0000000100003700	b	0x100003704
0000000100003704	ldur	x8, [x29, #-0x8]
0000000100003708	ldr	x8, [x8, #0x8]
000000010000370c	subs	x8, x8, #0x0
0000000100003710	cset	w8, eq
0000000100003714	tbnz	w8, #0x0, 0x10000372c
0000000100003718	b	0x10000371c
000000010000371c	ldur	x8, [x29, #-0x8]
0000000100003720	ldr	x8, [x8, #0x8]
0000000100003724	str	xzr, [x8]
0000000100003728	b	0x10000372c
000000010000372c	b	0x100003730
0000000100003730	ldr	w8, [sp, #0xc]
0000000100003734	add	w8, w8, #0x1
0000000100003738	str	w8, [sp, #0xc]
000000010000373c	b	0x1000035f8
0000000100003740	ldp	x29, x30, [sp, #0x30]
0000000100003744	add	sp, sp, #0x40
0000000100003748	ret
_list_from_chunks:
000000010000374c	sub	sp, sp, #0x40
0000000100003750	str	x0, [sp, #0x38]
0000000100003754	str	x1, [sp, #0x30]
0000000100003758	str	w2, [sp, #0x2c]
000000010000375c	str	w3, [sp, #0x28]
0000000100003760	ldr	w8, [sp, #0x2c]
0000000100003764	add	w8, w8, #0x1
0000000100003768	ldr	w10, [sp, #0x28]
000000010000376c	sdiv	w9, w8, w10
0000000100003770	mul	w9, w9, w10
0000000100003774	subs	w8, w8, w9
0000000100003778	str	w8, [sp, #0x24]
000000010000377c	ldr	x8, [sp, #0x38]
0000000100003780	ldr	x8, [x8]
0000000100003784	subs	x8, x8, #0x0
0000000100003788	cset	w8, eq
000000010000378c	tbnz	w8, #0x0, 0x1000037c4
0000000100003790	b	0x100003794
0000000100003794	ldr	x8, [sp, #0x30]
0000000100003798	subs	x8, x8, #0x0
000000010000379c	cset	w8, eq
00000001000037a0	tbnz	w8, #0x0, 0x1000037c4
00000001000037a4	b	0x1000037a8
00000001000037a8	ldr	x8, [sp, #0x30]
00000001000037ac	ldrsw	x9, [sp, #0x24]
00000001000037b0	ldr	x8, [x8, x9, lsl #3]
00000001000037b4	subs	x8, x8, #0x0
00000001000037b8	cset	w8, ne
00000001000037bc	tbnz	w8, #0x0, 0x1000037c8
00000001000037c0	b	0x1000037c4
00000001000037c4	b	0x100003a68
00000001000037c8	ldr	x8, [sp, #0x30]
00000001000037cc	ldrsw	x9, [sp, #0x2c]
00000001000037d0	ldr	x8, [x8, x9, lsl #3]
00000001000037d4	str	x8, [sp, #0x18]
00000001000037d8	ldr	x8, [sp, #0x18]
00000001000037dc	subs	x8, x8, #0x0
00000001000037e0	cset	w8, eq
00000001000037e4	tbnz	w8, #0x0, 0x1000037f8
00000001000037e8	b	0x1000037ec
00000001000037ec	ldr	x8, [sp, #0x18]
00000001000037f0	str	xzr, [x8, #0x8]
00000001000037f4	b	0x1000037f8
00000001000037f8	b	0x1000037fc
00000001000037fc	ldr	x8, [sp, #0x18]
0000000100003800	subs	x8, x8, #0x0
0000000100003804	cset	w8, eq
0000000100003808	mov	w9, #0x0
000000010000380c	str	w9, [sp, #0x14]
0000000100003810	tbnz	w8, #0x0, 0x10000385c
0000000100003814	b	0x100003818
0000000100003818	ldr	x8, [sp, #0x18]
000000010000381c	ldr	x8, [x8]
0000000100003820	subs	x8, x8, #0x0
0000000100003824	cset	w8, eq
0000000100003828	mov	w9, #0x0
000000010000382c	str	w9, [sp, #0x14]
0000000100003830	tbnz	w8, #0x0, 0x10000385c
0000000100003834	b	0x100003838
0000000100003838	ldr	x8, [sp, #0x18]
000000010000383c	ldr	x8, [x8]
0000000100003840	ldr	x9, [sp, #0x30]
0000000100003844	ldrsw	x10, [sp, #0x24]
0000000100003848	ldr	x9, [x9, x10, lsl #3]
000000010000384c	subs	x8, x8, x9
0000000100003850	cset	w8, ne
0000000100003854	str	w8, [sp, #0x14]
0000000100003858	b	0x10000385c
000000010000385c	ldr	w8, [sp, #0x14]
0000000100003860	tbz	w8, #0x0, 0x100003878
0000000100003864	b	0x100003868
0000000100003868	ldr	x8, [sp, #0x18]
000000010000386c	ldr	x8, [x8]
0000000100003870	str	x8, [sp, #0x18]
0000000100003874	b	0x1000037fc
0000000100003878	ldr	x8, [sp, #0x18]
000000010000387c	subs	x8, x8, #0x0
0000000100003880	cset	w8, eq
0000000100003884	tbnz	w8, #0x0, 0x100003898
0000000100003888	b	0x10000388c
000000010000388c	ldr	x8, [sp, #0x18]
0000000100003890	str	xzr, [x8]
0000000100003894	b	0x100003898
0000000100003898	ldr	x8, [sp, #0x30]
000000010000389c	ldrsw	x9, [sp, #0x24]
00000001000038a0	ldr	x8, [x8, x9, lsl #3]
00000001000038a4	ldr	x9, [sp, #0x38]
00000001000038a8	str	x8, [x9]
00000001000038ac	str	x8, [sp, #0x18]
00000001000038b0	ldr	x8, [sp, #0x18]
00000001000038b4	subs	x8, x8, #0x0
00000001000038b8	cset	w8, eq
00000001000038bc	tbnz	w8, #0x0, 0x1000038d0
00000001000038c0	b	0x1000038c4
00000001000038c4	ldr	x8, [sp, #0x18]
00000001000038c8	str	xzr, [x8, #0x8]
00000001000038cc	b	0x1000038d0
00000001000038d0	b	0x1000038d4
00000001000038d4	ldr	w8, [sp, #0x24]
00000001000038d8	ldr	w9, [sp, #0x2c]
00000001000038dc	subs	w8, w8, w9
00000001000038e0	cset	w8, eq
00000001000038e4	mov	w9, #0x0
00000001000038e8	str	w9, [sp, #0x10]
00000001000038ec	tbnz	w8, #0x0, 0x100003910
00000001000038f0	b	0x1000038f4
00000001000038f4	ldr	x8, [sp, #0x30]
00000001000038f8	ldrsw	x9, [sp, #0x24]
00000001000038fc	ldr	x8, [x8, x9, lsl #3]
0000000100003900	subs	x8, x8, #0x0
0000000100003904	cset	w8, ne
0000000100003908	str	w8, [sp, #0x10]
000000010000390c	b	0x100003910
0000000100003910	ldr	w8, [sp, #0x10]
0000000100003914	tbz	w8, #0x0, 0x100003a48
0000000100003918	b	0x10000391c
000000010000391c	ldr	w8, [sp, #0x24]
0000000100003920	add	w8, w8, #0x1
0000000100003924	ldr	w10, [sp, #0x28]
0000000100003928	sdiv	w9, w8, w10
000000010000392c	mul	w9, w9, w10
0000000100003930	subs	w8, w8, w9
0000000100003934	str	w8, [sp, #0x24]
0000000100003938	b	0x10000393c
000000010000393c	ldr	x8, [sp, #0x18]
0000000100003940	subs	x8, x8, #0x0
0000000100003944	cset	w8, eq
0000000100003948	mov	w9, #0x0
000000010000394c	str	w9, [sp, #0xc]
0000000100003950	tbnz	w8, #0x0, 0x10000399c
0000000100003954	b	0x100003958
0000000100003958	ldr	x8, [sp, #0x18]
000000010000395c	ldr	x8, [x8]
0000000100003960	subs	x8, x8, #0x0
0000000100003964	cset	w8, eq
0000000100003968	mov	w9, #0x0
000000010000396c	str	w9, [sp, #0xc]
0000000100003970	tbnz	w8, #0x0, 0x10000399c
0000000100003974	b	0x100003978
0000000100003978	ldr	x8, [sp, #0x18]
000000010000397c	ldr	x8, [x8]
0000000100003980	ldr	x9, [sp, #0x30]
0000000100003984	ldrsw	x10, [sp, #0x24]
0000000100003988	ldr	x9, [x9, x10, lsl #3]
000000010000398c	subs	x8, x8, x9
0000000100003990	cset	w8, ne
0000000100003994	str	w8, [sp, #0xc]
0000000100003998	b	0x10000399c
000000010000399c	ldr	w8, [sp, #0xc]
00000001000039a0	tbz	w8, #0x0, 0x1000039e4
00000001000039a4	b	0x1000039a8
00000001000039a8	ldr	x8, [sp, #0x18]
00000001000039ac	ldr	x8, [x8]
00000001000039b0	subs	x8, x8, #0x0
00000001000039b4	cset	w8, eq
00000001000039b8	tbnz	w8, #0x0, 0x1000039d4
00000001000039bc	b	0x1000039c0
00000001000039c0	ldr	x8, [sp, #0x18]
00000001000039c4	ldr	x9, [sp, #0x18]
00000001000039c8	ldr	x9, [x9]
00000001000039cc	str	x8, [x9, #0x8]
00000001000039d0	b	0x1000039d4
00000001000039d4	ldr	x8, [sp, #0x18]
00000001000039d8	ldr	x8, [x8]
00000001000039dc	str	x8, [sp, #0x18]
00000001000039e0	b	0x10000393c
00000001000039e4	ldr	x8, [sp, #0x18]
00000001000039e8	subs	x8, x8, #0x0
00000001000039ec	cset	w8, eq
00000001000039f0	tbnz	w8, #0x0, 0x100003a10
00000001000039f4	b	0x1000039f8
00000001000039f8	ldr	x8, [sp, #0x30]
00000001000039fc	ldrsw	x9, [sp, #0x24]
0000000100003a00	ldr	x8, [x8, x9, lsl #3]
0000000100003a04	ldr	x9, [sp, #0x18]
0000000100003a08	str	x8, [x9]
0000000100003a0c	b	0x100003a10
0000000100003a10	ldr	x8, [sp, #0x30]
0000000100003a14	ldrsw	x9, [sp, #0x24]
0000000100003a18	ldr	x8, [x8, x9, lsl #3]
0000000100003a1c	subs	x8, x8, #0x0
0000000100003a20	cset	w8, eq
0000000100003a24	tbnz	w8, #0x0, 0x100003a44
0000000100003a28	b	0x100003a2c
0000000100003a2c	ldr	x8, [sp, #0x18]
0000000100003a30	ldr	x9, [sp, #0x30]
0000000100003a34	ldrsw	x10, [sp, #0x24]
0000000100003a38	ldr	x9, [x9, x10, lsl #3]
0000000100003a3c	str	x8, [x9, #0x8]
0000000100003a40	b	0x100003a44
0000000100003a44	b	0x1000038d4
0000000100003a48	ldr	x8, [sp, #0x18]
0000000100003a4c	subs	x8, x8, #0x0
0000000100003a50	cset	w8, eq
0000000100003a54	tbnz	w8, #0x0, 0x100003a68
0000000100003a58	b	0x100003a5c
0000000100003a5c	ldr	x8, [sp, #0x18]
0000000100003a60	str	xzr, [x8]
0000000100003a64	b	0x100003a68
0000000100003a68	add	sp, sp, #0x40
0000000100003a6c	ret
_shuffle:
0000000100003a70	sub	sp, sp, #0x40
0000000100003a74	stp	x29, x30, [sp, #0x30]
0000000100003a78	add	x29, sp, #0x30
0000000100003a7c	stur	x0, [x29, #-0x8]
0000000100003a80	stur	x1, [x29, #-0x10]
0000000100003a84	ldur	x8, [x29, #-0x10]
0000000100003a88	subs	x8, x8, #0x1
0000000100003a8c	cset	w8, ls
0000000100003a90	tbnz	w8, #0x0, 0x100003b48
0000000100003a94	b	0x100003a98
0000000100003a98	str	xzr, [sp, #0x18]
0000000100003a9c	b	0x100003aa0
0000000100003aa0	ldr	x8, [sp, #0x18]
0000000100003aa4	ldur	x9, [x29, #-0x10]
0000000100003aa8	subs	x9, x9, #0x1
0000000100003aac	subs	x8, x8, x9
0000000100003ab0	cset	w8, hs
0000000100003ab4	tbnz	w8, #0x0, 0x100003b44
0000000100003ab8	b	0x100003abc
0000000100003abc	ldr	x8, [sp, #0x18]
0000000100003ac0	str	x8, [sp]
0000000100003ac4	bl	0x100003e08 ; symbol stub for: _rand
0000000100003ac8	ldr	x8, [sp]
0000000100003acc	mov	x9, x0
0000000100003ad0	sxtw	x9, w9
0000000100003ad4	ldur	x10, [x29, #-0x10]
0000000100003ad8	ldr	x11, [sp, #0x18]
0000000100003adc	subs	x11, x10, x11
0000000100003ae0	mov	x10, #0x7fffffff
0000000100003ae4	udiv	x10, x10, x11
0000000100003ae8	add	x10, x10, #0x1
0000000100003aec	udiv	x9, x9, x10
0000000100003af0	add	x8, x8, x9
0000000100003af4	str	x8, [sp, #0x10]
0000000100003af8	ldur	x8, [x29, #-0x8]
0000000100003afc	ldr	x9, [sp, #0x10]
0000000100003b00	ldr	w8, [x8, x9, lsl #2]
0000000100003b04	str	w8, [sp, #0xc]
0000000100003b08	ldur	x8, [x29, #-0x8]
0000000100003b0c	ldr	x9, [sp, #0x18]
0000000100003b10	ldr	w8, [x8, x9, lsl #2]
0000000100003b14	ldur	x9, [x29, #-0x8]
0000000100003b18	ldr	x10, [sp, #0x10]
0000000100003b1c	str	w8, [x9, x10, lsl #2]
0000000100003b20	ldr	w8, [sp, #0xc]
0000000100003b24	ldur	x9, [x29, #-0x8]
0000000100003b28	ldr	x10, [sp, #0x18]
0000000100003b2c	str	w8, [x9, x10, lsl #2]
0000000100003b30	b	0x100003b34
0000000100003b34	ldr	x8, [sp, #0x18]
0000000100003b38	add	x8, x8, #0x1
0000000100003b3c	str	x8, [sp, #0x18]
0000000100003b40	b	0x100003aa0
0000000100003b44	b	0x100003b48
0000000100003b48	ldp	x29, x30, [sp, #0x30]
0000000100003b4c	add	sp, sp, #0x40
0000000100003b50	ret
_test_set:
0000000100003b54	sub	sp, sp, #0x40
0000000100003b58	stp	x29, x30, [sp, #0x30]
0000000100003b5c	add	x29, sp, #0x30
0000000100003b60	str	x0, [sp, #0x10]
0000000100003b64	str	x1, [sp, #0x8]
0000000100003b68	ldr	x8, [sp, #0x8]
0000000100003b6c	ldr	x10, [x8]
0000000100003b70	ldr	x8, [sp, #0x8]
0000000100003b74	ldr	x10, [x8]
0000000100003b78	dmb	sy
0000000100003b7c	isb
0000000100003b80	adrp	x8, 41 ; 0x10002c000
0000000100003b84	ldr	x8, [x8, #0x840]
0000000100003b88	ldr	x0, [sp, #0x10]
0000000100003b8c	blr	x8
0000000100003b90	ldr	x8, [sp, #0x8]
0000000100003b94	stur	x8, [x29, #-0x8]
0000000100003b98	dmb	sy
0000000100003b9c	isb
0000000100003ba0	adrp	x8, 41 ; 0x10002c000
0000000100003ba4	add	x8, x8, #0x858
0000000100003ba8	ldr	x9, [x8]
0000000100003bac	stur	x9, [x29, #-0x10]
0000000100003bb0	dmb	sy
0000000100003bb4	isb
0000000100003bb8	ldur	x9, [x29, #-0x8]
0000000100003bbc	ldr	x10, [x9]
0000000100003bc0	dmb	sy
0000000100003bc4	isb
0000000100003bc8	ldr	x8, [x8]
0000000100003bcc	str	x8, [sp, #0x18]
0000000100003bd0	dmb	sy
0000000100003bd4	isb
0000000100003bd8	ldr	x8, [sp, #0x18]
0000000100003bdc	ldur	x9, [x29, #-0x10]
0000000100003be0	subs	x8, x8, x9
0000000100003be4	mov	x0, x8
0000000100003be8	ldp	x29, x30, [sp, #0x30]
0000000100003bec	add	sp, sp, #0x40
0000000100003bf0	ret
_tests_avg:
0000000100003bf4	sub	sp, sp, #0x40
0000000100003bf8	stp	x29, x30, [sp, #0x30]
0000000100003bfc	add	x29, sp, #0x30
0000000100003c00	stur	x0, [x29, #-0x8]
0000000100003c04	stur	x1, [x29, #-0x10]
0000000100003c08	stur	w2, [x29, #-0x14]
0000000100003c0c	str	wzr, [sp, #0x18]
0000000100003c10	str	wzr, [sp, #0x14]
0000000100003c14	str	wzr, [sp, #0x10]
0000000100003c18	str	wzr, [sp, #0xc]
0000000100003c1c	str	wzr, [sp, #0x18]
0000000100003c20	b	0x100003c24
0000000100003c24	ldr	w8, [sp, #0x18]
0000000100003c28	ldur	w9, [x29, #-0x14]
0000000100003c2c	subs	w8, w8, w9
0000000100003c30	cset	w8, ge
0000000100003c34	tbnz	w8, #0x0, 0x100003c88
0000000100003c38	b	0x100003c3c
0000000100003c3c	ldur	x0, [x29, #-0x8]
0000000100003c40	ldur	x1, [x29, #-0x10]
0000000100003c44	bl	_test_set
0000000100003c48	str	w0, [sp, #0x10]
0000000100003c4c	ldr	w8, [sp, #0x10]
0000000100003c50	subs	w8, w8, #0x320
0000000100003c54	cset	w8, hs
0000000100003c58	tbnz	w8, #0x0, 0x100003c74
0000000100003c5c	b	0x100003c60
0000000100003c60	ldr	w9, [sp, #0x10]
0000000100003c64	ldr	w8, [sp, #0xc]
0000000100003c68	add	w8, w8, w9
0000000100003c6c	str	w8, [sp, #0xc]
0000000100003c70	b	0x100003c74
0000000100003c74	b	0x100003c78
0000000100003c78	ldr	w8, [sp, #0x18]
0000000100003c7c	add	w8, w8, #0x1
0000000100003c80	str	w8, [sp, #0x18]
0000000100003c84	b	0x100003c24
0000000100003c88	ldr	s0, [sp, #0xc]
0000000100003c8c	ucvtf	s0, s0
0000000100003c90	ldur	s1, [x29, #-0x14]
0000000100003c94	scvtf	s1, s1
0000000100003c98	fdiv	s0, s0, s1
0000000100003c9c	fcvtzs	w8, s0
0000000100003ca0	str	w8, [sp, #0x14]
0000000100003ca4	ldrsw	x8, [sp, #0x14]
0000000100003ca8	adrp	x9, 41 ; 0x10002c000
0000000100003cac	ldr	x9, [x9, #0x810]
0000000100003cb0	subs	x8, x8, x9
0000000100003cb4	cset	w8, hi
0000000100003cb8	and	w0, w8, #0x1
0000000100003cbc	ldp	x29, x30, [sp, #0x30]
0000000100003cc0	add	sp, sp, #0x40
0000000100003cc4	ret
_counter_thread_thread:
0000000100003cc8	sub	sp, sp, #0x10
0000000100003ccc	str	x0, [sp, #0x8]
0000000100003cd0	ldr	x8, [sp, #0x8]
0000000100003cd4	ldr	x10, [x8]
0000000100003cd8	add	x10, x10, #0x1
0000000100003cdc	str	x10, [x8]
0000000100003ce0	b	0x100003cd8
0000000100003ce4	mov	x0, #0x0
0000000100003ce8	add	sp, sp, #0x10
0000000100003cec	ret
_timer_start:
0000000100003cf0	stp	x29, x30, [sp, #-0x10]!
0000000100003cf4	mov	x29, sp
0000000100003cf8	adrp	x10, 41 ; 0x10002c000
0000000100003cfc	ldr	w8, [x10, #0x848]
0000000100003d00	add	w9, w8, #0x1
0000000100003d04	str	w9, [x10, #0x848]
0000000100003d08	subs	w8, w8, #0x0
0000000100003d0c	cset	w8, ne
0000000100003d10	tbnz	w8, #0x0, 0x100003d3c
0000000100003d14	b	0x100003d18
0000000100003d18	adrp	x0, 41 ; 0x10002c000
0000000100003d1c	add	x0, x0, #0x850
0000000100003d20	mov	x1, #0x0
0000000100003d24	adrp	x2, 0 ; 0x100003000
0000000100003d28	add	x2, x2, #0xcc8
0000000100003d2c	adrp	x3, 41 ; 0x10002c000
0000000100003d30	add	x3, x3, #0x858
0000000100003d34	bl	0x100003dfc ; symbol stub for: _pthread_create
0000000100003d38	b	0x100003d3c
0000000100003d3c	ldp	x29, x30, [sp], #0x10
0000000100003d40	ret
_timer_stop:
0000000100003d44	stp	x29, x30, [sp, #-0x10]!
0000000100003d48	mov	x29, sp
0000000100003d4c	adrp	x9, 41 ; 0x10002c000
0000000100003d50	ldr	w8, [x9, #0x848]
0000000100003d54	subs	w8, w8, #0x1
0000000100003d58	str	w8, [x9, #0x848]
0000000100003d5c	subs	w8, w8, #0x0
0000000100003d60	cset	w8, ne
0000000100003d64	tbnz	w8, #0x0, 0x100003d7c
0000000100003d68	b	0x100003d6c
0000000100003d6c	adrp	x8, 41 ; 0x10002c000
0000000100003d70	ldr	x0, [x8, #0x850]
0000000100003d74	bl	0x100003df0 ; symbol stub for: _pthread_cancel
0000000100003d78	b	0x100003d7c
0000000100003d7c	ldp	x29, x30, [sp], #0x10
0000000100003d80	ret
